<?xml version="1.0" encoding="UTF-8"?>
<robot generator="Robot 7.2.2 (Python 3.13.2 on win32)" generated="2025-08-04T13:35:17.813516" rpa="false" schemaversion="5">
<suite id="s1" name="Signup" source="c:\Users\thais.regina.santos\OneDrive - Accenture\Documents\GitHub\Projeto-ServeRest\tests\signup.robot">
<test id="s1-t1" name="Validate empty Password in register form" line="39">
<kw name="Start session" owner="base" type="SETUP">
<kw name="New Browser" owner="Browser">
<msg time="2025-08-04T13:35:18.698353" level="INFO">{"browser": "chromium", "headless": false, "chromiumSandbox": false, "devtools": false, "handleSIGHUP": true, "handleSIGINT": true, "handleSIGTERM": true, "slowMo": 0.0, "timeout": 30000.0, "tracesDir": "C:\\Users\\thais.regina.santos\\OneDrive - Accenture\\Documents\\GitHub\\Projeto-ServeRest\\browser\\traces\\temp\\a7d9fc8d-40f8-4a30-a904-a360c139a986"}</msg>
<msg time="2025-08-04T13:35:19.215030" level="INFO">Starting Browser process C:\Python\Lib\site-packages\Browser\wrapper\index.js using at 127.0.0.1:62084</msg>
<msg time="2025-08-04T13:35:21.925761" level="INFO">Successfully created browser with options: {"browser":"chromium","headless":false,"chromiumSandbox":false,"devtools":false,"handleSIGHUP":true,"handleSIGINT":true,"handleSIGTERM":true,"slowMo":0,"timeout":30000,"tracesDir":"C:\\Users\\thais.regina.santos\\OneDrive - Accenture\\Documents\\GitHub\\Projeto-ServeRest\\browser\\traces\\temp\\a7d9fc8d-40f8-4a30-a904-a360c139a986"}</msg>
<arg>browser=chromium</arg>
<arg>headless=False</arg>
<tag>BrowserControl</tag>
<tag>Setter</tag>
<doc>Create a new playwright Browser with specified options.</doc>
<status status="PASS" start="2025-08-04T13:35:18.696732" elapsed="3.229543"/>
</kw>
<kw name="New Page" owner="Browser">
<msg time="2025-08-04T13:35:28.624511" level="INFO">Successfully initialized new page object and opened url: https://front.serverest.dev/login</msg>
<msg time="2025-08-04T13:35:28.624914" level="INFO">No context was open. New context was automatically opened when this page is created.</msg>
<arg>https://front.serverest.dev/login</arg>
<arg>wait_until=domcontentloaded</arg>
<tag>BrowserControl</tag>
<tag>Setter</tag>
<doc>Open a new Page.</doc>
<status status="PASS" start="2025-08-04T13:35:21.926751" elapsed="6.698451"/>
</kw>
<status status="PASS" start="2025-08-04T13:35:18.695225" elapsed="9.930275"/>
</kw>
<kw name="Email" owner="FakerLibrary">
<msg time="2025-08-04T13:35:28.627520" level="INFO">${email} = stephanie67@example.org</msg>
<var>${email}</var>
<status status="PASS" start="2025-08-04T13:35:28.626263" elapsed="0.002268"/>
</kw>
<kw name="Name" owner="FakerLibrary">
<msg time="2025-08-04T13:35:28.633299" level="INFO">${name} = Juan Bullock</msg>
<var>${name}</var>
<doc>:example: 'John Doe'</doc>
<status status="PASS" start="2025-08-04T13:35:28.632059" elapsed="0.001468"/>
</kw>
<kw name="Go to signUp page" owner="SignIn">
<kw name="Click" owner="Browser">
<msg time="2025-08-04T13:35:28.635725" level="INFO">Clicks the element 'css=a.btn &gt;&gt; text=Cadastre-se'.</msg>
<arg>css=a.btn &gt;&gt; text=Cadastre-se</arg>
<tag>PageContent</tag>
<tag>Setter</tag>
<doc>Simulates mouse click on the element found by ``selector``.</doc>
<status status="PASS" start="2025-08-04T13:35:28.634930" elapsed="0.156717"/>
</kw>
<status status="PASS" start="2025-08-04T13:35:28.634135" elapsed="0.157741"/>
</kw>
<kw name="Validate access to correct page" owner="SignUp">
<kw name="Get Text" owner="Browser">
<msg time="2025-08-04T13:35:28.838848" level="INFO">Text: 'Cadastro'</msg>
<arg>css=h2.font-robot &gt;&gt; text=Cadastro</arg>
<tag>Assertion</tag>
<tag>Getter</tag>
<tag>PageContent</tag>
<doc>Returns text attribute of the element found by ``selector``.</doc>
<status status="PASS" start="2025-08-04T13:35:28.793117" elapsed="0.046424"/>
</kw>
<status status="PASS" start="2025-08-04T13:35:28.792340" elapsed="0.047375"/>
</kw>
<kw name="Attempt signUp">
<kw name="Register" owner="SignUp">
<kw name="Validate access to correct page" owner="SignUp">
<kw name="Get Text" owner="Browser">
<msg time="2025-08-04T13:35:28.860354" level="INFO">Text: 'Cadastro'</msg>
<arg>css=h2.font-robot &gt;&gt; text=Cadastro</arg>
<tag>Assertion</tag>
<tag>Getter</tag>
<tag>PageContent</tag>
<doc>Returns text attribute of the element found by ``selector``.</doc>
<status status="PASS" start="2025-08-04T13:35:28.843148" elapsed="0.017434"/>
</kw>
<status status="PASS" start="2025-08-04T13:35:28.842469" elapsed="0.018250"/>
</kw>
<kw name="Fill Text" owner="Browser">
<msg time="2025-08-04T13:35:28.861612" level="INFO">Fills the text 'Juan Bullock' in the given field.</msg>
<arg>id=nome</arg>
<arg>${name}</arg>
<tag>PageContent</tag>
<tag>Setter</tag>
<doc>Clears and fills the given ``txt`` into the text field found by ``selector``.</doc>
<status status="PASS" start="2025-08-04T13:35:28.860869" elapsed="0.029389"/>
</kw>
<kw name="Fill Text" owner="Browser">
<msg time="2025-08-04T13:35:28.892003" level="INFO">Fills the text 'stephanie67@example.org' in the given field.</msg>
<arg>id=email</arg>
<arg>${email}</arg>
<tag>PageContent</tag>
<tag>Setter</tag>
<doc>Clears and fills the given ``txt`` into the text field found by ``selector``.</doc>
<status status="PASS" start="2025-08-04T13:35:28.890754" elapsed="0.024822"/>
</kw>
<kw name="Fill Text" owner="Browser">
<msg time="2025-08-04T13:35:28.917762" level="INFO">Fills the text '' in the given field.</msg>
<arg>id=password</arg>
<arg>${password}</arg>
<tag>PageContent</tag>
<tag>Setter</tag>
<doc>Clears and fills the given ``txt`` into the text field found by ``selector``.</doc>
<status status="PASS" start="2025-08-04T13:35:28.916447" elapsed="0.019821"/>
</kw>
<if>
<branch type="IF" condition="$admin == True">
<kw name="Click" owner="Browser">
<arg>css=input#administrador</arg>
<tag>PageContent</tag>
<tag>Setter</tag>
<doc>Simulates mouse click on the element found by ``selector``.</doc>
<status status="NOT RUN" start="2025-08-04T13:35:28.937675" elapsed="0.000371"/>
</kw>
<kw name="Click" owner="Browser">
<arg>css=button &gt;&gt; text=Cadastrar</arg>
<tag>PageContent</tag>
<tag>Setter</tag>
<doc>Simulates mouse click on the element found by ``selector``.</doc>
<status status="NOT RUN" start="2025-08-04T13:35:28.938347" elapsed="0.000333"/>
</kw>
<status status="NOT RUN" start="2025-08-04T13:35:28.936822" elapsed="0.001998"/>
</branch>
<branch type="ELSE">
<kw name="Click" owner="Browser">
<msg time="2025-08-04T13:35:28.940781" level="INFO">Clicks the element 'css=button &gt;&gt; text=Cadastrar'.</msg>
<arg>css=button &gt;&gt; text=Cadastrar</arg>
<tag>PageContent</tag>
<tag>Setter</tag>
<doc>Simulates mouse click on the element found by ``selector``.</doc>
<status status="PASS" start="2025-08-04T13:35:28.939775" elapsed="0.053882"/>
</kw>
<status status="PASS" start="2025-08-04T13:35:28.938947" elapsed="0.054877"/>
</branch>
<status status="PASS" start="2025-08-04T13:35:28.936757" elapsed="0.057153"/>
</if>
<arg>${name}</arg>
<arg>${email}</arg>
<arg>${password}</arg>
<arg>${admin}</arg>
<status status="PASS" start="2025-08-04T13:35:28.841513" elapsed="0.152465"/>
</kw>
<kw name="SignUp validation" owner="SignUp">
<kw name="Wait For Elements State" owner="Browser">
<msg time="2025-08-04T13:35:30.374487" level="INFO">Waited for Element with selector css=div .alert at state visible</msg>
<arg>css=div .alert</arg>
<arg>visible</arg>
<arg>5</arg>
<tag>PageContent</tag>
<tag>Wait</tag>
<doc>Waits for the element found by ``selector`` to satisfy state option.</doc>
<status status="PASS" start="2025-08-04T13:35:28.994770" elapsed="1.380017"/>
</kw>
<kw name="Get Text" owner="Browser">
<msg time="2025-08-04T13:35:30.399587" level="INFO">Text: 'Password é obrigatório'</msg>
<arg>css=div .alert &gt; span</arg>
<arg>equals</arg>
<arg>${alerta}</arg>
<tag>Assertion</tag>
<tag>Getter</tag>
<tag>PageContent</tag>
<doc>Returns text attribute of the element found by ``selector``.</doc>
<status status="PASS" start="2025-08-04T13:35:30.375136" elapsed="0.024711"/>
</kw>
<arg>${output_message}</arg>
<status status="PASS" start="2025-08-04T13:35:28.994181" elapsed="1.406030"/>
</kw>
<arg>${name}</arg>
<arg>${email}</arg>
<arg>${EMPTY}</arg>
<arg>False</arg>
<arg>Password é obrigatório</arg>
<status status="PASS" start="2025-08-04T13:35:28.840187" elapsed="1.560183"/>
</kw>
<kw name="Take Screenshot" owner="Browser" type="TEARDOWN">
<msg time="2025-08-04T13:35:30.637016" level="INFO" html="true">&lt;/td&gt;&lt;/tr&gt;&lt;tr&gt;&lt;td colspan="3"&gt;&lt;a href="browser/screenshot/robotframework-browser-screenshot-1.png" target="_blank"&gt;&lt;img src="browser/screenshot/robotframework-browser-screenshot-1.png" width="800px"/&gt;&lt;/a&gt;</msg>
<tag>PageContent</tag>
<doc>Takes a screenshot of the current window or element and saves it to disk.</doc>
<status status="PASS" start="2025-08-04T13:35:30.401135" elapsed="0.236154"/>
</kw>
<msg time="2025-08-04T13:35:30.662560" level="INFO">Switching context to context=63bf3bbc-406d-47ed-8858-6a67aa4a26bb in CURRENT</msg>
<msg time="2025-08-04T13:35:30.673811" level="INFO">Successfully changed active context: context=63bf3bbc-406d-47ed-8858-6a67aa4a26bb</msg>
<msg time="2025-08-04T13:35:30.727518" level="INFO">Successfully closed Context</msg>
<status status="PASS" start="2025-08-04T13:35:18.694283" elapsed="11.943665"/>
</test>
<doc>Acoes e elementos da SignUp Page</doc>
<status status="PASS" start="2025-08-04T13:35:17.819404" elapsed="12.910033"/>
</suite>
<statistics>
<total>
<stat pass="1" fail="0" skip="0">All Tests</stat>
</total>
<tag>
</tag>
<suite>
<stat name="Signup" id="s1" pass="1" fail="0" skip="0">Signup</stat>
</suite>
</statistics>
<errors>
<msg time="2025-08-04T13:35:18.090304" level="ERROR">Error in file 'c:\Users\thais.regina.santos\OneDrive - Accenture\Documents\GitHub\Projeto-ServeRest\tests\signin.robot' on line 6: Setting 'Test Setup' is not allowed in resource file.</msg>
<msg time="2025-08-04T13:35:18.094473" level="ERROR">Error in file 'c:\Users\thais.regina.santos\OneDrive - Accenture\Documents\GitHub\Projeto-ServeRest\tests\signin.robot' on line 7: Setting 'Test Teardown' is not allowed in resource file.</msg>
<msg time="2025-08-04T13:35:18.095916" level="ERROR">Error in file 'c:\Users\thais.regina.santos\OneDrive - Accenture\Documents\GitHub\Projeto-ServeRest\tests\signup.robot' on line 5: Error in file 'c:\Users\thais.regina.santos\OneDrive - Accenture\Documents\GitHub\Projeto-ServeRest\tests\signin.robot' on line 9: Resource file with 'Test Cases' section is invalid.</msg>
</errors>
</robot>
