<?xml version="1.0" encoding="UTF-8"?>
<robot generator="Robot 7.2.2 (Python 3.13.2 on win32)" generated="2025-08-04T16:30:42.533791" rpa="false" schemaversion="5">
<suite id="s1" name="Signin" source="c:\Users\thais.regina.santos\OneDrive - Accenture\Documents\GitHub\Projeto-ServeRest\tests\signin.robot">
<kw name="Generate fake data" owner="Variables" type="SETUP">
<kw name="Name" owner="FakerLibrary">
<msg time="2025-08-04T16:30:43.891189" level="INFO">${name} = Susan Davis</msg>
<var>${name}</var>
<doc>:example: 'John Doe'</doc>
<status status="PASS" start="2025-08-04T16:30:43.890103" elapsed="0.004758"/>
</kw>
<kw name="Email" owner="FakerLibrary">
<msg time="2025-08-04T16:30:43.896124" level="INFO">${email} = nwilliams@example.com</msg>
<var>${email}</var>
<status status="PASS" start="2025-08-04T16:30:43.895338" elapsed="0.000928"/>
</kw>
<kw name="Password" owner="FakerLibrary">
<msg time="2025-08-04T16:30:43.897230" level="INFO">${password} = 7m4cS_Hy&amp;_</msg>
<var>${password}</var>
<doc>Generate a random password of the specified ``length``.</doc>
<status status="PASS" start="2025-08-04T16:30:43.896457" elapsed="0.001004"/>
</kw>
<kw name="Set Global Variable" owner="BuiltIn">
<msg time="2025-08-04T16:30:43.899201" level="INFO">${NAME} = Susan Davis</msg>
<arg>${NAME}</arg>
<arg>${name}</arg>
<doc>Makes a variable available globally in all tests and suites.</doc>
<status status="PASS" start="2025-08-04T16:30:43.898503" elapsed="0.000903"/>
</kw>
<kw name="Set Global Variable" owner="BuiltIn">
<msg time="2025-08-04T16:30:43.900321" level="INFO">${EMAIl} = nwilliams@example.com</msg>
<arg>${EMAIl}</arg>
<arg>${email}</arg>
<doc>Makes a variable available globally in all tests and suites.</doc>
<status status="PASS" start="2025-08-04T16:30:43.899694" elapsed="0.000829"/>
</kw>
<kw name="Set Global Variable" owner="BuiltIn">
<msg time="2025-08-04T16:30:43.902555" level="INFO">${PASS} = 7m4cS_Hy&amp;_</msg>
<arg>${PASS}</arg>
<arg>${password}</arg>
<doc>Makes a variable available globally in all tests and suites.</doc>
<status status="PASS" start="2025-08-04T16:30:43.900892" elapsed="0.001912"/>
</kw>
<status status="PASS" start="2025-08-04T16:30:43.888835" elapsed="0.014200"/>
</kw>
<test id="s1-t1" name="SignIn with success in WebApp" line="12">
<kw name="Start session" owner="base" type="SETUP">
<kw name="New Browser" owner="Browser">
<msg time="2025-08-04T16:30:43.906510" level="INFO">{"browser": "chromium", "headless": false, "chromiumSandbox": false, "devtools": false, "handleSIGHUP": true, "handleSIGINT": true, "handleSIGTERM": true, "slowMo": 0.0, "timeout": 30000.0, "tracesDir": "C:\\Users\\thais.regina.santos\\OneDrive - Accenture\\Documents\\GitHub\\Projeto-ServeRest\\browser\\traces\\temp\\e573fbde-a9e5-47d3-939c-d537f050197e"}</msg>
<msg time="2025-08-04T16:30:44.842345" level="INFO">Starting Browser process C:\Python\Lib\site-packages\Browser\wrapper\index.js using at 127.0.0.1:54970</msg>
<msg time="2025-08-04T16:30:48.877527" level="INFO">Successfully created browser with options: {"browser":"chromium","headless":false,"chromiumSandbox":false,"devtools":false,"handleSIGHUP":true,"handleSIGINT":true,"handleSIGTERM":true,"slowMo":0,"timeout":30000,"tracesDir":"C:\\Users\\thais.regina.santos\\OneDrive - Accenture\\Documents\\GitHub\\Projeto-ServeRest\\browser\\traces\\temp\\e573fbde-a9e5-47d3-939c-d537f050197e"}</msg>
<arg>browser=chromium</arg>
<arg>headless=False</arg>
<tag>BrowserControl</tag>
<tag>Setter</tag>
<doc>Create a new playwright Browser with specified options.</doc>
<status status="PASS" start="2025-08-04T16:30:43.905462" elapsed="4.972523"/>
</kw>
<kw name="New Page" owner="Browser">
<msg time="2025-08-04T16:30:54.119350" level="INFO">Successfully initialized new page object and opened url: https://front.serverest.dev/login</msg>
<msg time="2025-08-04T16:30:54.119793" level="INFO">No context was open. New context was automatically opened when this page is created.</msg>
<arg>https://front.serverest.dev/login</arg>
<arg>wait_until=domcontentloaded</arg>
<tag>BrowserControl</tag>
<tag>Setter</tag>
<doc>Open a new Page.</doc>
<status status="PASS" start="2025-08-04T16:30:48.878363" elapsed="5.241867"/>
</kw>
<status status="PASS" start="2025-08-04T16:30:43.904769" elapsed="10.215843"/>
</kw>
<kw name="Read data in json file" owner="Variables">
<kw name="Load Json From File" owner="JSONLibrary">
<msg time="2025-08-04T16:30:54.124082" level="INFO">${dados} = {'name': 'Renee Johnson', 'email': 'iperez@example.net', 'password': 'N$1SYs&amp;aL('}</msg>
<var>${dados}</var>
<arg>dados.json</arg>
<doc>Load JSON from file.</doc>
<status status="PASS" start="2025-08-04T16:30:54.122802" elapsed="0.001490"/>
</kw>
<kw name="Get From Dictionary" owner="Collections">
<msg time="2025-08-04T16:30:54.125227" level="INFO">${name_saved} = Renee Johnson</msg>
<var>${name_saved}</var>
<arg>${dados}</arg>
<arg>name</arg>
<doc>Returns a value from the given ``dictionary`` based on the given ``key``.</doc>
<status status="PASS" start="2025-08-04T16:30:54.124573" elapsed="0.000839"/>
</kw>
<kw name="Get From Dictionary" owner="Collections">
<msg time="2025-08-04T16:30:54.126302" level="INFO">${email_saved} = iperez@example.net</msg>
<var>${email_saved}</var>
<arg>${dados}</arg>
<arg>email</arg>
<doc>Returns a value from the given ``dictionary`` based on the given ``key``.</doc>
<status status="PASS" start="2025-08-04T16:30:54.125672" elapsed="0.000806"/>
</kw>
<kw name="Get From Dictionary" owner="Collections">
<msg time="2025-08-04T16:30:54.127456" level="INFO">${password_saved} = N$1SYs&amp;aL(</msg>
<var>${password_saved}</var>
<arg>${dados}</arg>
<arg>password</arg>
<doc>Returns a value from the given ``dictionary`` based on the given ``key``.</doc>
<status status="PASS" start="2025-08-04T16:30:54.126713" elapsed="0.000903"/>
</kw>
<kw name="Set Global Variable" owner="BuiltIn">
<msg time="2025-08-04T16:30:54.130075" level="INFO">${NAME_SAVE} = Renee Johnson</msg>
<arg>${NAME_SAVE}</arg>
<arg>${name_saved}</arg>
<doc>Makes a variable available globally in all tests and suites.</doc>
<status status="PASS" start="2025-08-04T16:30:54.127877" elapsed="0.002543"/>
</kw>
<kw name="Set Global Variable" owner="BuiltIn">
<msg time="2025-08-04T16:30:54.132687" level="INFO">${EMAIL_SAVE} = iperez@example.net</msg>
<arg>${EMAIL_SAVE}</arg>
<arg>${email_saved}</arg>
<doc>Makes a variable available globally in all tests and suites.</doc>
<status status="PASS" start="2025-08-04T16:30:54.130781" elapsed="0.002325"/>
</kw>
<kw name="Set Global Variable" owner="BuiltIn">
<msg time="2025-08-04T16:30:54.135037" level="INFO">${PASS_SAVE} = 7m4cS_Hy&amp;_</msg>
<arg>${PASS_SAVE}</arg>
<arg>${pass}</arg>
<doc>Makes a variable available globally in all tests and suites.</doc>
<status status="PASS" start="2025-08-04T16:30:54.133495" elapsed="0.001785"/>
</kw>
<status status="PASS" start="2025-08-04T16:30:54.121890" elapsed="0.013701"/>
</kw>
<kw name="Create Dictionary" owner="BuiltIn">
<msg time="2025-08-04T16:30:54.138264" level="INFO">${account} = {'email': 'iperez@example.net', 'password': '7m4cS_Hy&amp;_'}</msg>
<var>${account}</var>
<arg>email=${EMAIL_SAVE}</arg>
<arg>password=${PASS_SAVE}</arg>
<doc>Creates and returns a dictionary based on the given ``items``.</doc>
<status status="PASS" start="2025-08-04T16:30:54.136447" elapsed="0.003476"/>
</kw>
<kw name="SignIn" owner="SignIn">
<kw name="Get Text" owner="Browser">
<msg time="2025-08-04T16:30:54.240418" level="INFO">Text: 'Login'</msg>
<arg>css=h1.font-robot</arg>
<arg>equal</arg>
<arg>Login</arg>
<tag>Assertion</tag>
<tag>Getter</tag>
<tag>PageContent</tag>
<doc>Returns text attribute of the element found by ``selector``.</doc>
<status status="PASS" start="2025-08-04T16:30:54.142596" elapsed="0.099824"/>
</kw>
<kw name="Fill Text" owner="Browser">
<msg time="2025-08-04T16:30:54.244014" level="INFO">Fills the text 'iperez@example.net' in the given field.</msg>
<arg>id=email</arg>
<arg>${account}[email]</arg>
<tag>PageContent</tag>
<tag>Setter</tag>
<doc>Clears and fills the given ``txt`` into the text field found by ``selector``.</doc>
<status status="PASS" start="2025-08-04T16:30:54.242810" elapsed="0.035196"/>
</kw>
<kw name="Fill Text" owner="Browser">
<msg time="2025-08-04T16:30:54.281324" level="INFO">Fills the text '7m4cS_Hy&amp;_' in the given field.</msg>
<arg>id=password</arg>
<arg>${account}[password]</arg>
<tag>PageContent</tag>
<tag>Setter</tag>
<doc>Clears and fills the given ``txt`` into the text field found by ``selector``.</doc>
<status status="PASS" start="2025-08-04T16:30:54.279444" elapsed="0.023512"/>
</kw>
<kw name="Click" owner="Browser">
<msg time="2025-08-04T16:30:54.305725" level="INFO">Clicks the element 'css=button &gt;&gt; text=Entrar'.</msg>
<arg>css=button &gt;&gt; text=Entrar</arg>
<tag>PageContent</tag>
<tag>Setter</tag>
<doc>Simulates mouse click on the element found by ``selector``.</doc>
<status status="PASS" start="2025-08-04T16:30:54.303637" elapsed="0.140131"/>
</kw>
<kw name="Sleep" owner="BuiltIn">
<msg time="2025-08-04T16:30:59.446036" level="INFO">Slept 5 seconds.</msg>
<arg>5</arg>
<doc>Pauses the test executed for the given time.</doc>
<status status="PASS" start="2025-08-04T16:30:54.444402" elapsed="5.002329"/>
</kw>
<arg>${account}</arg>
<status status="PASS" start="2025-08-04T16:30:54.141106" elapsed="5.306021"/>
</kw>
<kw name="Validate entry with success" owner="Store">
<kw name="Get Text" owner="Browser">
<msg time="2025-08-04T16:31:00.536187" level="INFO">Text: 'Login'</msg>
<msg time="2025-08-04T16:31:00.851570" level="INFO" html="true">&lt;/td&gt;&lt;/tr&gt;&lt;tr&gt;&lt;td colspan="3"&gt;&lt;a href="browser/screenshot/fail-screenshot-1.png" target="_blank"&gt;&lt;img src="browser/screenshot/fail-screenshot-1.png" width="800px"/&gt;&lt;/a&gt;</msg>
<msg time="2025-08-04T16:31:00.853656" level="INFO">See also file:///C:/Users/thais.regina.santos/OneDrive%20-%20Accenture/Documents/GitHub/Projeto-ServeRest/playwright-log.txt for additional details.</msg>
<msg time="2025-08-04T16:31:00.854933" level="FAIL">Text 'Login' (str) should be 'Serverest Store' (str)</msg>
<arg>css=h1</arg>
<arg>equals</arg>
<arg>Serverest Store</arg>
<tag>Assertion</tag>
<tag>Getter</tag>
<tag>PageContent</tag>
<doc>Returns text attribute of the element found by ``selector``.</doc>
<status status="FAIL" start="2025-08-04T16:30:59.450836" elapsed="1.416046">Text 'Login' (str) should be 'Serverest Store' (str)</status>
</kw>
<status status="FAIL" start="2025-08-04T16:30:59.448685" elapsed="1.418571">Text 'Login' (str) should be 'Serverest Store' (str)</status>
</kw>
<kw name="Take Screenshot" owner="Browser" type="TEARDOWN">
<msg time="2025-08-04T16:31:01.214232" level="INFO" html="true">&lt;/td&gt;&lt;/tr&gt;&lt;tr&gt;&lt;td colspan="3"&gt;&lt;a href="browser/screenshot/robotframework-browser-screenshot-1.png" target="_blank"&gt;&lt;img src="browser/screenshot/robotframework-browser-screenshot-1.png" width="800px"/&gt;&lt;/a&gt;</msg>
<tag>PageContent</tag>
<doc>Takes a screenshot of the current window or element and saves it to disk.</doc>
<status status="PASS" start="2025-08-04T16:31:00.868778" elapsed="0.345957"/>
</kw>
<msg time="2025-08-04T16:31:01.275145" level="INFO">Switching context to context=bf7c66d7-3439-4d2b-bcc9-603e48ae677e in CURRENT</msg>
<msg time="2025-08-04T16:31:01.314543" level="INFO">Successfully changed active context: context=bf7c66d7-3439-4d2b-bcc9-603e48ae677e</msg>
<msg time="2025-08-04T16:31:01.409846" level="INFO">Successfully closed Context</msg>
<status status="FAIL" start="2025-08-04T16:30:43.904034" elapsed="17.322765">Text 'Login' (str) should be 'Serverest Store' (str)</status>
</test>
<doc>Teste para acessar a tela inicial da ServeRest no WebApp</doc>
<status status="FAIL" start="2025-08-04T16:30:42.546566" elapsed="18.935711"/>
</suite>
<statistics>
<total>
<stat pass="0" fail="1" skip="0">All Tests</stat>
</total>
<tag>
</tag>
<suite>
<stat name="Signin" id="s1" pass="0" fail="1" skip="0">Signin</stat>
</suite>
</statistics>
<errors>
</errors>
</robot>
