<?xml version="1.0" encoding="UTF-8"?>
<robot generator="Robot 7.2.2 (Python 3.13.2 on win32)" generated="2025-08-14T20:10:39.787789" rpa="false" schemaversion="5">
<suite id="s1" name="Store" source="c:\Users\thais.regina.santos\OneDrive - Accenture\Documents\GitHub\Projeto-ServeRest\tests\store.robot">
<test id="s1-t1" name="Using the search bar to find a product" line="16">
<kw name="Start session" owner="Base" type="SETUP">
<kw name="Set Browser Timeout" owner="Browser">
<msg time="2025-08-14T20:10:41.819361" level="INFO">Starting Browser process c:\Python\Lib\site-packages\Browser\wrapper\index.js using at 127.0.0.1:51558</msg>
<msg time="2025-08-14T20:10:44.155674" level="INFO">${old_timeout} = 10 seconds</msg>
<var>${old_timeout}</var>
<arg>2 minutes</arg>
<tag>Config</tag>
<tag>Setter</tag>
<doc>Sets the timeout used by most input and getter keywords.</doc>
<status status="PASS" start="2025-08-14T20:10:40.910890" elapsed="3.244998"/>
</kw>
<kw name="New Browser" owner="Browser">
<msg time="2025-08-14T20:10:44.157536" level="INFO">{"browser": "chromium", "headless": false, "args": ["--start-maximized"], "chromiumSandbox": false, "devtools": false, "handleSIGHUP": true, "handleSIGINT": true, "handleSIGTERM": true, "slowMo": 0.0, "timeout": 30000.0, "tracesDir": "C:\\Users\\thais.regina.santos\\OneDrive - Accenture\\Documents\\GitHub\\Projeto-ServeRest\\browser\\traces\\temp\\88a970ee-3fd2-4fbf-babf-6b281ea0044e"}</msg>
<msg time="2025-08-14T20:10:46.389124" level="INFO">Successfully created browser with options: {"browser":"chromium","headless":false,"args":["--start-maximized"],"chromiumSandbox":false,"devtools":false,"handleSIGHUP":true,"handleSIGINT":true,"handleSIGTERM":true,"slowMo":0,"timeout":30000,"tracesDir":"C:\\Users\\thais.regina.santos\\OneDrive - Accenture\\Documents\\GitHub\\Projeto-ServeRest\\browser\\traces\\temp\\88a970ee-3fd2-4fbf-babf-6b281ea0044e"}</msg>
<arg>browser=chromium</arg>
<arg>headless=False</arg>
<arg>args=["--start-maximized"]</arg>
<tag>BrowserControl</tag>
<tag>Setter</tag>
<doc>Create a new playwright Browser with specified options.</doc>
<status status="PASS" start="2025-08-14T20:10:44.156165" elapsed="2.233392"/>
</kw>
<kw name="New Page" owner="Browser">
<msg time="2025-08-14T20:10:52.573819" level="INFO">Successfully initialized new page object and opened url: https://front.serverest.dev/login</msg>
<msg time="2025-08-14T20:10:52.574177" level="INFO">No context was open. New context was automatically opened when this page is created.</msg>
<arg>https://front.serverest.dev/login</arg>
<arg>wait_until=networkidle</arg>
<tag>BrowserControl</tag>
<tag>Setter</tag>
<doc>Open a new Page.</doc>
<status status="PASS" start="2025-08-14T20:10:46.389966" elapsed="6.184924"/>
</kw>
<kw name="Set Browser Timeout" owner="Browser">
<arg>${old_timeout}</arg>
<tag>Config</tag>
<tag>Setter</tag>
<doc>Sets the timeout used by most input and getter keywords.</doc>
<status status="PASS" start="2025-08-14T20:10:52.575776" elapsed="0.009912"/>
</kw>
<status status="PASS" start="2025-08-14T20:10:40.907916" elapsed="11.678060"/>
</kw>
<kw name="Given Login in application with success" owner="Base">
<if>
<branch type="IF" condition="${IS_ADMIN} == True">
<kw name="Find admin user to login" owner="Base">
<status status="NOT RUN" start="2025-08-14T20:10:52.595515" elapsed="0.001058"/>
</kw>
<kw name="SignIn" owner="SignIn">
<arg>${ADMIN_EMAIL}</arg>
<arg>${ADMIN_PASS}</arg>
<status status="NOT RUN" start="2025-08-14T20:10:52.597665" elapsed="0.000991"/>
</kw>
<kw name="Entry with success" owner="Store">
<arg>True</arg>
<arg>${ADMIN_NAME}</arg>
<status status="NOT RUN" start="2025-08-14T20:10:52.599455" elapsed="0.000341"/>
</kw>
<status status="NOT RUN" start="2025-08-14T20:10:52.593026" elapsed="0.006902"/>
</branch>
<branch type="ELSE">
<kw name="Read data in json file" owner="Variables">
<kw name="Count Users" owner="saveFile">
<msg time="2025-08-14T20:10:52.602041" level="INFO">${qtdIndex} = 6</msg>
<var>${qtdIndex}</var>
<status status="PASS" start="2025-08-14T20:10:52.601057" elapsed="0.001580"/>
</kw>
<kw name="Load Json From File" owner="JSONLibrary">
<msg time="2025-08-14T20:10:52.604913" level="INFO">${user} = [{'name': 'Timothy Riley', 'email': 'krobinson@example.net', 'password': 'ZGH%Zfdw$6', 'admin': True}, {'name': 'Heather Medina', 'email': 'avillanueva@example.com', 'password': 'oHbSN7uw(5', 'admin':...</msg>
<var>${user}</var>
<arg>${file}</arg>
<doc>Load JSON from file.</doc>
<status status="PASS" start="2025-08-14T20:10:52.602873" elapsed="0.002521"/>
</kw>
<kw name="Evaluate" owner="BuiltIn">
<msg time="2025-08-14T20:10:52.608224" level="INFO">${index} = 3</msg>
<var>${index}</var>
<arg>random.randint(0, ${qtdIndex}-1)</arg>
<arg>random</arg>
<doc>Evaluates the given expression in Python and returns the result.</doc>
<status status="PASS" start="2025-08-14T20:10:52.606126" elapsed="0.002588"/>
</kw>
<kw name="Log" owner="BuiltIn">
<msg time="2025-08-14T20:10:52.610531" level="INFO">3</msg>
<arg>${index}</arg>
<doc>Logs the given message with the given level.</doc>
<status status="PASS" start="2025-08-14T20:10:52.609501" elapsed="0.001297"/>
</kw>
<kw name="Get From Dictionary" owner="Collections">
<msg time="2025-08-14T20:10:52.612088" level="INFO">${name_saved} = Kimberly Brooks</msg>
<var>${name_saved}</var>
<arg>${user[${index}]}</arg>
<arg>name</arg>
<doc>Returns a value from the given ``dictionary`` based on the given ``key``.</doc>
<status status="PASS" start="2025-08-14T20:10:52.611029" elapsed="0.001206"/>
</kw>
<kw name="Get From Dictionary" owner="Collections">
<msg time="2025-08-14T20:10:52.614169" level="INFO">${email_saved} = gentrymaria@example.net</msg>
<var>${email_saved}</var>
<arg>${user[${index}]}</arg>
<arg>email</arg>
<doc>Returns a value from the given ``dictionary`` based on the given ``key``.</doc>
<status status="PASS" start="2025-08-14T20:10:52.612525" elapsed="0.002225"/>
</kw>
<kw name="Get From Dictionary" owner="Collections">
<msg time="2025-08-14T20:10:52.616991" level="INFO">${password_saved} = BZZiQ7qn+1</msg>
<var>${password_saved}</var>
<arg>${user[${index}]}</arg>
<arg>password</arg>
<doc>Returns a value from the given ``dictionary`` based on the given ``key``.</doc>
<status status="PASS" start="2025-08-14T20:10:52.615372" elapsed="0.001782"/>
</kw>
<kw name="Get From Dictionary" owner="Collections">
<msg time="2025-08-14T20:10:52.618754" level="INFO">${admin_saved} = False</msg>
<var>${admin_saved}</var>
<arg>${user[${index}]}</arg>
<arg>admin</arg>
<doc>Returns a value from the given ``dictionary`` based on the given ``key``.</doc>
<status status="PASS" start="2025-08-14T20:10:52.617413" elapsed="0.001484"/>
</kw>
<kw name="Set Global Variable" owner="BuiltIn">
<msg time="2025-08-14T20:10:52.620724" level="INFO">${NAME_SAVE} = Kimberly Brooks</msg>
<arg>${NAME_SAVE}</arg>
<arg>${name_saved}</arg>
<doc>Makes a variable available globally in all tests and suites.</doc>
<status status="PASS" start="2025-08-14T20:10:52.619183" elapsed="0.002086"/>
</kw>
<kw name="Set Global Variable" owner="BuiltIn">
<msg time="2025-08-14T20:10:52.625335" level="INFO">${EMAIL_SAVE} = gentrymaria@example.net</msg>
<arg>${EMAIL_SAVE}</arg>
<arg>${email_saved}</arg>
<doc>Makes a variable available globally in all tests and suites.</doc>
<status status="PASS" start="2025-08-14T20:10:52.622023" elapsed="0.003580"/>
</kw>
<kw name="Set Global Variable" owner="BuiltIn">
<msg time="2025-08-14T20:10:52.628763" level="INFO">${PASS_SAVE} = BZZiQ7qn+1</msg>
<arg>${PASS_SAVE}</arg>
<arg>${password_saved}</arg>
<doc>Makes a variable available globally in all tests and suites.</doc>
<status status="PASS" start="2025-08-14T20:10:52.625918" elapsed="0.003549"/>
</kw>
<kw name="Set Global Variable" owner="BuiltIn">
<msg time="2025-08-14T20:10:52.632576" level="INFO">${ADMIN_SAVE} = False</msg>
<arg>${ADMIN_SAVE}</arg>
<arg>${admin_saved}</arg>
<doc>Makes a variable available globally in all tests and suites.</doc>
<status status="PASS" start="2025-08-14T20:10:52.630487" elapsed="0.002309"/>
</kw>
<status status="PASS" start="2025-08-14T20:10:52.600528" elapsed="0.032859"/>
</kw>
<kw name="SignIn" owner="SignIn">
<kw name="Get Text" owner="Browser">
<msg time="2025-08-14T20:10:52.752732" level="INFO">Text: 'Login'</msg>
<arg>css=h1.font-robot</arg>
<arg>equal</arg>
<arg>Login</arg>
<tag>Assertion</tag>
<tag>Getter</tag>
<tag>PageContent</tag>
<doc>Returns text attribute of the element found by ``selector``.</doc>
<status status="PASS" start="2025-08-14T20:10:52.636013" elapsed="0.119124"/>
</kw>
<kw name="Fill Text" owner="Browser">
<msg time="2025-08-14T20:10:52.758281" level="INFO">Fills the text 'gentrymaria@example.net' in the given field.</msg>
<arg>id=email</arg>
<arg>${email}</arg>
<tag>PageContent</tag>
<tag>Setter</tag>
<doc>Clears and fills the given ``txt`` into the text field found by ``selector``.</doc>
<status status="PASS" start="2025-08-14T20:10:52.756207" elapsed="0.032328"/>
</kw>
<kw name="Fill Text" owner="Browser">
<msg time="2025-08-14T20:10:52.790070" level="INFO">Fills the text 'BZZiQ7qn+1' in the given field.</msg>
<arg>id=password</arg>
<arg>${password}</arg>
<tag>PageContent</tag>
<tag>Setter</tag>
<doc>Clears and fills the given ``txt`` into the text field found by ``selector``.</doc>
<status status="PASS" start="2025-08-14T20:10:52.788968" elapsed="0.040585"/>
</kw>
<kw name="Click" owner="Browser">
<msg time="2025-08-14T20:10:52.831540" level="INFO">Clicks the element 'css=button &gt;&gt; text=Entrar'.</msg>
<arg>css=button &gt;&gt; text=Entrar</arg>
<tag>PageContent</tag>
<tag>Setter</tag>
<doc>Simulates mouse click on the element found by ``selector``.</doc>
<status status="PASS" start="2025-08-14T20:10:52.830119" elapsed="0.073818"/>
</kw>
<kw name="Sleep" owner="BuiltIn">
<msg time="2025-08-14T20:11:12.905812" level="INFO">Slept 20 seconds.</msg>
<arg>20</arg>
<doc>Pauses the test executed for the given time.</doc>
<status status="PASS" start="2025-08-14T20:10:52.904410" elapsed="20.002147"/>
</kw>
<arg>${EMAIL_SAVE}</arg>
<arg>${PASS_SAVE}</arg>
<status status="PASS" start="2025-08-14T20:10:52.634447" elapsed="20.272492"/>
</kw>
<kw name="Entry with success" owner="Store">
<if>
<branch type="IF" condition="${admin} == True">
<kw name="Get Text" owner="Browser">
<arg>css=h1</arg>
<arg>equals</arg>
<arg>Bem Vindo ${name}</arg>
<tag>Assertion</tag>
<tag>Getter</tag>
<tag>PageContent</tag>
<doc>Returns text attribute of the element found by ``selector``.</doc>
<status status="NOT RUN" start="2025-08-14T20:11:12.912850" elapsed="0.002214"/>
</kw>
<status status="NOT RUN" start="2025-08-14T20:11:12.910359" elapsed="0.005559"/>
</branch>
<branch type="ELSE">
<kw name="Get Text" owner="Browser">
<msg time="2025-08-14T20:11:12.961264" level="INFO">Text: 'Serverest Store'</msg>
<arg>css=h1</arg>
<arg>equals</arg>
<arg>Serverest Store</arg>
<tag>Assertion</tag>
<tag>Getter</tag>
<tag>PageContent</tag>
<doc>Returns text attribute of the element found by ``selector``.</doc>
<status status="PASS" start="2025-08-14T20:11:12.917861" elapsed="0.045692"/>
</kw>
<status status="PASS" start="2025-08-14T20:11:12.916382" elapsed="0.047606"/>
</branch>
<status status="PASS" start="2025-08-14T20:11:12.910150" elapsed="0.054112"/>
</if>
<arg>${ADMIN_SAVE}</arg>
<arg>${NAME_SAVE}</arg>
<status status="PASS" start="2025-08-14T20:11:12.907586" elapsed="0.056863"/>
</kw>
<status status="PASS" start="2025-08-14T20:10:52.600053" elapsed="20.364632"/>
</branch>
<status status="PASS" start="2025-08-14T20:10:52.592887" elapsed="20.372003"/>
</if>
<arg>${IS_NOT_ADMIN}</arg>
<status status="PASS" start="2025-08-14T20:10:52.590874" elapsed="20.374182"/>
</kw>
<kw name="When Fill search bar and click to find the product" owner="Store">
<kw name="Fill Text" owner="Browser">
<msg time="2025-08-14T20:11:12.972437" level="INFO">Fills the text 'Samsung 60 polegadas' in the given field.</msg>
<arg>css=[data-testid="pesquisar"]</arg>
<arg>${product}</arg>
<tag>PageContent</tag>
<tag>Setter</tag>
<doc>Clears and fills the given ``txt`` into the text field found by ``selector``.</doc>
<status status="PASS" start="2025-08-14T20:11:12.969841" elapsed="0.035578"/>
</kw>
<kw name="Click" owner="Browser">
<msg time="2025-08-14T20:11:13.008335" level="INFO">Clicks the element 'css= button &gt;&gt; text=Pesquisar'.</msg>
<arg>css= button &gt;&gt; text=Pesquisar</arg>
<tag>PageContent</tag>
<tag>Setter</tag>
<doc>Simulates mouse click on the element found by ``selector``.</doc>
<status status="PASS" start="2025-08-14T20:11:13.006143" elapsed="0.055090"/>
</kw>
<kw name="Set Global Variable" owner="BuiltIn">
<msg time="2025-08-14T20:11:13.063781" level="INFO">${PRODUCT} = Samsung 60 polegadas</msg>
<arg>${PRODUCT}</arg>
<arg>${product}</arg>
<doc>Makes a variable available globally in all tests and suites.</doc>
<status status="PASS" start="2025-08-14T20:11:13.061785" elapsed="0.002904"/>
</kw>
<arg>${PRODUCT1}</arg>
<status status="PASS" start="2025-08-14T20:11:12.967427" elapsed="0.097759"/>
</kw>
<kw name="Then Validate if found the right product" owner="Store">
<kw name="Get Text" owner="Browser">
<msg time="2025-08-14T20:11:13.417071" level="INFO">Text: 'Samsung 60 polegadas'</msg>
<arg>css=h5 &gt;&gt; text=${PRODUCT}</arg>
<tag>Assertion</tag>
<tag>Getter</tag>
<tag>PageContent</tag>
<doc>Returns text attribute of the element found by ``selector``.</doc>
<status status="PASS" start="2025-08-14T20:11:13.068769" elapsed="0.348988"/>
</kw>
<status status="PASS" start="2025-08-14T20:11:13.066649" elapsed="0.351721"/>
</kw>
<kw name="Take Screenshot" owner="Browser" type="TEARDOWN">
<msg time="2025-08-14T20:11:13.636374" level="INFO" html="true">&lt;/td&gt;&lt;/tr&gt;&lt;tr&gt;&lt;td colspan="3"&gt;&lt;a href="browser/screenshot/robotframework-browser-screenshot-1.png" target="_blank"&gt;&lt;img src="browser/screenshot/robotframework-browser-screenshot-1.png" width="800px"/&gt;&lt;/a&gt;</msg>
<tag>PageContent</tag>
<doc>Takes a screenshot of the current window or element and saves it to disk.</doc>
<status status="PASS" start="2025-08-14T20:11:13.420025" elapsed="0.219053"/>
</kw>
<msg time="2025-08-14T20:11:13.674426" level="INFO">Switching context to context=ed7cda6b-58a4-4c0e-ab0d-57eb83095eb9 in CURRENT</msg>
<msg time="2025-08-14T20:11:13.696142" level="INFO">Successfully changed active context: context=ed7cda6b-58a4-4c0e-ab0d-57eb83095eb9</msg>
<msg time="2025-08-14T20:11:13.760903" level="INFO">Successfully closed Context</msg>
<status status="PASS" start="2025-08-14T20:10:40.906942" elapsed="32.733161"/>
</test>
<doc>Acoes e elementos da Serverest Store</doc>
<status status="PASS" start="2025-08-14T20:10:39.802696" elapsed="33.961374"/>
</suite>
<statistics>
<total>
<stat pass="1" fail="0" skip="0">All Tests</stat>
</total>
<tag>
</tag>
<suite>
<stat name="Store" id="s1" pass="1" fail="0" skip="0">Store</stat>
</suite>
</statistics>
<errors>
</errors>
</robot>
