<?xml version="1.0" encoding="UTF-8"?>
<robot generator="Robot 7.3.2 (Python 3.13.5 on win32)" generated="2025-08-12T20:16:08.815311" rpa="false" schemaversion="5">
<suite id="s1" name="Store" source="d:\codigos\GitHub\Projeto-ServeRest\tests\store.robot">
<test id="s1-t1" name="Check product details page" line="27">
<kw name="Start session" owner="Base" type="SETUP">
<kw name="Set Browser Timeout" owner="Browser">
<msg time="2025-08-12T20:16:09.508981" level="INFO">Starting Browser process C:\Users\thais\anaconda3\envs\projects-robotframework\Lib\site-packages\Browser\wrapper\index.js using at 127.0.0.1:52504</msg>
<msg time="2025-08-12T20:16:10.565316" level="INFO">${old_timeout} = 10 seconds</msg>
<var>${old_timeout}</var>
<arg>2 minutes</arg>
<tag>Config</tag>
<tag>Setter</tag>
<doc>Sets the timeout used by most input and getter keywords.</doc>
<status status="PASS" start="2025-08-12T20:16:09.485124" elapsed="1.080429"/>
</kw>
<kw name="New Browser" owner="Browser">
<msg time="2025-08-12T20:16:10.566857" level="INFO">{"browser": "chromium", "headless": false, "chromiumSandbox": false, "devtools": false, "handleSIGHUP": true, "handleSIGINT": true, "handleSIGTERM": true, "slowMo": 0.0, "timeout": 30000.0, "tracesDir": "D:\\codigos\\GitHub\\projeto-serverest\\browser\\traces\\temp\\b549bf0f-bb50-4ace-b31d-ce18b5ac6e57"}</msg>
<msg time="2025-08-12T20:16:10.768704" level="INFO">Successfully created browser with options: {"browser":"chromium","headless":false,"chromiumSandbox":false,"devtools":false,"handleSIGHUP":true,"handleSIGINT":true,"handleSIGTERM":true,"slowMo":0,"timeout":30000,"tracesDir":"D:\\codigos\\GitHub\\projeto-serverest\\browser\\traces\\temp\\b549bf0f-bb50-4ace-b31d-ce18b5ac6e57"}</msg>
<arg>browser=chromium</arg>
<arg>headless=False</arg>
<tag>BrowserControl</tag>
<tag>Setter</tag>
<doc>Create a new playwright Browser with specified options.</doc>
<status status="PASS" start="2025-08-12T20:16:10.565860" elapsed="0.203400"/>
</kw>
<kw name="New Page" owner="Browser">
<msg time="2025-08-12T20:16:13.807820" level="INFO">Successfully initialized new page object and opened url: https://front.serverest.dev/login</msg>
<msg time="2025-08-12T20:16:13.808150" level="INFO">No context was open. New context was automatically opened when this page is created.</msg>
<arg>https://front.serverest.dev/login</arg>
<arg>wait_until=networkidle</arg>
<tag>BrowserControl</tag>
<tag>Setter</tag>
<doc>Open a new Page.</doc>
<status status="PASS" start="2025-08-12T20:16:10.769750" elapsed="3.038641"/>
</kw>
<kw name="Set Browser Timeout" owner="Browser">
<arg>${old_timeout}</arg>
<tag>Config</tag>
<tag>Setter</tag>
<doc>Sets the timeout used by most input and getter keywords.</doc>
<status status="PASS" start="2025-08-12T20:16:13.808786" elapsed="0.004037"/>
</kw>
<status status="PASS" start="2025-08-12T20:16:09.483792" elapsed="4.329276"/>
</kw>
<kw name="Given Login in application with success" owner="Store">
<kw name="Read data in json file" owner="Variables">
<kw name="Count Users" owner="saveFile">
<msg time="2025-08-12T20:16:13.815530" level="INFO">${qtdIndex} = 1</msg>
<var>${qtdIndex}</var>
<status status="PASS" start="2025-08-12T20:16:13.814704" elapsed="0.001302"/>
</kw>
<kw name="Log" owner="BuiltIn">
<msg time="2025-08-12T20:16:13.816638" level="INFO">1</msg>
<arg>${qtdIndex}</arg>
<doc>Logs the given message with the given level.</doc>
<status status="PASS" start="2025-08-12T20:16:13.816220" elapsed="0.000611"/>
</kw>
<kw name="Load Json From File" owner="JSONLibrary">
<msg time="2025-08-12T20:16:13.818104" level="INFO">${user} = [{'name': 'Nicholas Moore', 'email': 'raymond82@example.org', 'password': 'E%VXd14aMR', 'admin': False}]</msg>
<var>${user}</var>
<arg>${file}</arg>
<doc>Load JSON from file.</doc>
<status status="PASS" start="2025-08-12T20:16:13.817108" elapsed="0.001124"/>
</kw>
<kw name="Evaluate" owner="BuiltIn">
<msg time="2025-08-12T20:16:13.819084" level="INFO">${index} = 0</msg>
<var>${index}</var>
<arg>random.randint(0, ${qtdIndex}-1)</arg>
<arg>random</arg>
<doc>Evaluates the given expression in Python and returns the result.</doc>
<status status="PASS" start="2025-08-12T20:16:13.818418" elapsed="0.000774"/>
</kw>
<kw name="Log" owner="BuiltIn">
<msg time="2025-08-12T20:16:13.819695" level="INFO">0</msg>
<arg>${index}</arg>
<doc>Logs the given message with the given level.</doc>
<status status="PASS" start="2025-08-12T20:16:13.819363" elapsed="0.000458"/>
</kw>
<kw name="Get From Dictionary" owner="Collections">
<msg time="2025-08-12T20:16:13.820842" level="INFO">${name_saved} = Nicholas Moore</msg>
<var>${name_saved}</var>
<arg>${user[${index}]}</arg>
<arg>name</arg>
<doc>Returns a value from the given ``dictionary`` based on the given ``key``.</doc>
<status status="PASS" start="2025-08-12T20:16:13.819982" elapsed="0.000977"/>
</kw>
<kw name="Get From Dictionary" owner="Collections">
<msg time="2025-08-12T20:16:13.822315" level="INFO">${email_saved} = raymond82@example.org</msg>
<var>${email_saved}</var>
<arg>${user[${index}]}</arg>
<arg>email</arg>
<doc>Returns a value from the given ``dictionary`` based on the given ``key``.</doc>
<status status="PASS" start="2025-08-12T20:16:13.821136" elapsed="0.001330"/>
</kw>
<kw name="Get From Dictionary" owner="Collections">
<msg time="2025-08-12T20:16:13.823666" level="INFO">${password_saved} = E%VXd14aMR</msg>
<var>${password_saved}</var>
<arg>${user[${index}]}</arg>
<arg>password</arg>
<doc>Returns a value from the given ``dictionary`` based on the given ``key``.</doc>
<status status="PASS" start="2025-08-12T20:16:13.822675" elapsed="0.001104"/>
</kw>
<kw name="Get From Dictionary" owner="Collections">
<msg time="2025-08-12T20:16:13.824625" level="INFO">${admin_saved} = False</msg>
<var>${admin_saved}</var>
<arg>${user[${index}]}</arg>
<arg>admin</arg>
<doc>Returns a value from the given ``dictionary`` based on the given ``key``.</doc>
<status status="PASS" start="2025-08-12T20:16:13.823957" elapsed="0.000781"/>
</kw>
<kw name="Set Global Variable" owner="BuiltIn">
<msg time="2025-08-12T20:16:13.825968" level="INFO">${NAME_SAVE} = Nicholas Moore</msg>
<arg>${NAME_SAVE}</arg>
<arg>${name_saved}</arg>
<doc>Makes a variable available globally in all tests and suites.</doc>
<status status="PASS" start="2025-08-12T20:16:13.824980" elapsed="0.001130"/>
</kw>
<kw name="Set Global Variable" owner="BuiltIn">
<msg time="2025-08-12T20:16:13.827243" level="INFO">${EMAIL_SAVE} = raymond82@example.org</msg>
<arg>${EMAIL_SAVE}</arg>
<arg>${email_saved}</arg>
<doc>Makes a variable available globally in all tests and suites.</doc>
<status status="PASS" start="2025-08-12T20:16:13.826297" elapsed="0.001072"/>
</kw>
<kw name="Set Global Variable" owner="BuiltIn">
<msg time="2025-08-12T20:16:13.828374" level="INFO">${PASS_SAVE} = E%VXd14aMR</msg>
<arg>${PASS_SAVE}</arg>
<arg>${password_saved}</arg>
<doc>Makes a variable available globally in all tests and suites.</doc>
<status status="PASS" start="2025-08-12T20:16:13.827534" elapsed="0.000965"/>
</kw>
<kw name="Set Global Variable" owner="BuiltIn">
<msg time="2025-08-12T20:16:13.829809" level="INFO">${ADMIN_SAVE} = False</msg>
<arg>${ADMIN_SAVE}</arg>
<arg>${admin_saved}</arg>
<doc>Makes a variable available globally in all tests and suites.</doc>
<status status="PASS" start="2025-08-12T20:16:13.828669" elapsed="0.001285"/>
</kw>
<status status="PASS" start="2025-08-12T20:16:13.814243" elapsed="0.015846"/>
</kw>
<kw name="SignIn" owner="SignIn">
<kw name="Get Text" owner="Browser">
<msg time="2025-08-12T20:16:13.892447" level="INFO">Text: 'Login'</msg>
<arg>css=h1.font-robot</arg>
<arg>equal</arg>
<arg>Login</arg>
<tag>Assertion</tag>
<tag>Getter</tag>
<tag>PageContent</tag>
<doc>Returns text attribute of the element found by ``selector``.</doc>
<status status="PASS" start="2025-08-12T20:16:13.830986" elapsed="0.062632"/>
</kw>
<kw name="Fill Text" owner="Browser">
<msg time="2025-08-12T20:16:13.895214" level="INFO">Fills the text 'raymond82@example.org' in the given field.</msg>
<arg>id=email</arg>
<arg>${email}</arg>
<tag>PageContent</tag>
<tag>Setter</tag>
<doc>Clears and fills the given ``txt`` into the text field found by ``selector``.</doc>
<status status="PASS" start="2025-08-12T20:16:13.894057" elapsed="0.021862"/>
</kw>
<kw name="Fill Text" owner="Browser">
<msg time="2025-08-12T20:16:13.918274" level="INFO">Fills the text 'E%VXd14aMR' in the given field.</msg>
<arg>id=password</arg>
<arg>${password}</arg>
<tag>PageContent</tag>
<tag>Setter</tag>
<doc>Clears and fills the given ``txt`` into the text field found by ``selector``.</doc>
<status status="PASS" start="2025-08-12T20:16:13.916822" elapsed="0.018931"/>
</kw>
<kw name="Click" owner="Browser">
<msg time="2025-08-12T20:16:13.936918" level="INFO">Clicks the element 'css=button &gt;&gt; text=Entrar'.</msg>
<arg>css=button &gt;&gt; text=Entrar</arg>
<tag>PageContent</tag>
<tag>Setter</tag>
<doc>Simulates mouse click on the element found by ``selector``.</doc>
<status status="PASS" start="2025-08-12T20:16:13.936104" elapsed="0.051267"/>
</kw>
<kw name="Sleep" owner="BuiltIn">
<msg time="2025-08-12T20:16:18.988504" level="INFO">Slept 5 seconds.</msg>
<arg>5</arg>
<doc>Pauses the test executed for the given time.</doc>
<status status="PASS" start="2025-08-12T20:16:13.987734" elapsed="5.001116"/>
</kw>
<arg>${EMAIL_SAVE}</arg>
<arg>${PASS_SAVE}</arg>
<status status="PASS" start="2025-08-12T20:16:13.830304" elapsed="5.158725"/>
</kw>
<kw name="Entry with success" owner="Store">
<if>
<branch type="IF" condition="${admin} == True">
<kw name="Get Text" owner="Browser">
<arg>css=h1</arg>
<arg>equals</arg>
<arg>Bem Vindo ${name}</arg>
<tag>Assertion</tag>
<tag>Getter</tag>
<tag>PageContent</tag>
<doc>Returns text attribute of the element found by ``selector``.</doc>
<status status="NOT RUN" start="2025-08-12T20:16:18.990942" elapsed="0.000342"/>
</kw>
<status status="NOT RUN" start="2025-08-12T20:16:18.990245" elapsed="0.001273"/>
</branch>
<branch type="ELSE">
<kw name="Get Text" owner="Browser">
<msg time="2025-08-12T20:16:19.012818" level="INFO">Text: 'Serverest Store'</msg>
<arg>css=h1</arg>
<arg>equals</arg>
<arg>Serverest Store</arg>
<tag>Assertion</tag>
<tag>Getter</tag>
<tag>PageContent</tag>
<doc>Returns text attribute of the element found by ``selector``.</doc>
<status status="PASS" start="2025-08-12T20:16:18.992156" elapsed="0.021623"/>
</kw>
<status status="PASS" start="2025-08-12T20:16:18.991704" elapsed="0.022303"/>
</branch>
<status status="PASS" start="2025-08-12T20:16:18.990191" elapsed="0.023980"/>
</if>
<arg>${ADMIN_SAVE}</arg>
<arg>${NAME_SAVE}</arg>
<status status="PASS" start="2025-08-12T20:16:18.989340" elapsed="0.024934"/>
</kw>
<status status="PASS" start="2025-08-12T20:16:13.813582" elapsed="5.200856"/>
</kw>
<kw name="When Find product" owner="Store">
<kw name="Get Text" owner="Browser">
<msg time="2025-08-12T20:16:19.031022" level="INFO">Text: 'Produto X'</msg>
<arg>css=h5 &gt;&gt; text=${product}</arg>
<tag>Assertion</tag>
<tag>Getter</tag>
<tag>PageContent</tag>
<doc>Returns text attribute of the element found by ``selector``.</doc>
<status status="PASS" start="2025-08-12T20:16:19.015872" elapsed="0.015440"/>
</kw>
<kw name="Click" owner="Browser">
<msg time="2025-08-12T20:16:19.032505" level="INFO">Clicks the element 'css=.card-body:has(:text("Produto X")) &gt;&gt; .card-link'.</msg>
<arg>css=.card-body:has(:text("${product}")) &gt;&gt; .card-link</arg>
<tag>PageContent</tag>
<tag>Setter</tag>
<doc>Simulates mouse click on the element found by ``selector``.</doc>
<status status="PASS" start="2025-08-12T20:16:19.031588" elapsed="0.039402"/>
</kw>
<arg>Produto X</arg>
<status status="PASS" start="2025-08-12T20:16:19.015060" elapsed="0.056199"/>
</kw>
<kw name="Then Validate product details page" owner="Details">
<kw name="Get Text" owner="Browser">
<msg time="2025-08-12T20:16:19.088370" level="INFO">Text: 'Produto X'</msg>
<arg>css=[data-testid="product-detail-name"] &gt;&gt; text=${product}</arg>
<tag>Assertion</tag>
<tag>Getter</tag>
<tag>PageContent</tag>
<doc>Returns text attribute of the element found by ``selector``.</doc>
<status status="PASS" start="2025-08-12T20:16:19.072844" elapsed="0.016836"/>
</kw>
<arg>Produto X</arg>
<status status="PASS" start="2025-08-12T20:16:19.071815" elapsed="0.018183"/>
</kw>
<kw name="Take Screenshot" owner="Browser" type="TEARDOWN">
<msg time="2025-08-12T20:16:19.230874" level="INFO" html="true">&lt;/td&gt;&lt;/tr&gt;&lt;tr&gt;&lt;td colspan="3"&gt;&lt;a href="browser/screenshot/robotframework-browser-screenshot-1.png" target="_blank"&gt;&lt;img src="browser/screenshot/robotframework-browser-screenshot-1.png" width="800px"/&gt;&lt;/a&gt;</msg>
<tag>PageContent</tag>
<doc>Takes a screenshot of the current window or element and saves it to disk.</doc>
<status status="PASS" start="2025-08-12T20:16:19.091061" elapsed="0.140629"/>
</kw>
<msg time="2025-08-12T20:16:19.243303" level="INFO">Switching context to context=0fa0e0e1-819d-4a14-9436-1c2a6ac09d8b in CURRENT</msg>
<msg time="2025-08-12T20:16:19.250868" level="INFO">Successfully changed active context: context=0fa0e0e1-819d-4a14-9436-1c2a6ac09d8b</msg>
<msg time="2025-08-12T20:16:19.308462" level="INFO">Successfully closed Context</msg>
<status status="PASS" start="2025-08-12T20:16:09.482863" elapsed="9.749252"/>
</test>
<doc>Acoes e elementos da Serverest Store</doc>
<status status="PASS" start="2025-08-12T20:16:08.820244" elapsed="10.491209"/>
</suite>
<statistics>
<total>
<stat pass="1" fail="0" skip="0">All Tests</stat>
</total>
<tag>
</tag>
<suite>
<stat name="Store" id="s1" pass="1" fail="0" skip="0">Store</stat>
</suite>
</statistics>
<errors>
</errors>
</robot>
