<?xml version="1.0" encoding="UTF-8"?>
<robot generator="Robot 7.2.2 (Python 3.13.2 on win32)" generated="2025-08-07T16:20:47.562723" rpa="false" schemaversion="5">
<suite id="s1" name="Signup" source="c:\Users\thais.regina.santos\OneDrive - Accenture\Documents\GitHub\Projeto-ServeRest\tests\signup.robot">
<kw name="Generate fake data" owner="Variables" type="SETUP">
<kw name="Name" owner="FakerLibrary">
<msg time="2025-08-07T16:20:48.393877" level="INFO">${name} = Nicole Solis</msg>
<var>${name}</var>
<doc>:example: 'John Doe'</doc>
<status status="PASS" start="2025-08-07T16:20:48.392946" elapsed="0.001813"/>
</kw>
<kw name="Email" owner="FakerLibrary">
<msg time="2025-08-07T16:20:48.396373" level="INFO">${email} = brittanyquinn@example.net</msg>
<var>${email}</var>
<status status="PASS" start="2025-08-07T16:20:48.395179" elapsed="0.001442"/>
</kw>
<kw name="Password" owner="FakerLibrary">
<msg time="2025-08-07T16:20:48.397474" level="INFO">${password} = rgv2TcZ$t(</msg>
<var>${password}</var>
<doc>Generate a random password of the specified ``length``.</doc>
<status status="PASS" start="2025-08-07T16:20:48.396920" elapsed="0.000716"/>
</kw>
<kw name="Boolean" owner="FakerLibrary">
<msg time="2025-08-07T16:20:48.398393" level="INFO">${admin} = True</msg>
<var>${admin}</var>
<doc>Generate a random boolean value based on ``chance_of_getting_true``.</doc>
<status status="PASS" start="2025-08-07T16:20:48.397858" elapsed="0.000643"/>
</kw>
<kw name="Set Global Variable" owner="BuiltIn">
<msg time="2025-08-07T16:20:48.399877" level="INFO">${NAME} = Nicole Solis</msg>
<arg>${NAME}</arg>
<arg>${name}</arg>
<doc>Makes a variable available globally in all tests and suites.</doc>
<status status="PASS" start="2025-08-07T16:20:48.399321" elapsed="0.000690"/>
</kw>
<kw name="Set Global Variable" owner="BuiltIn">
<msg time="2025-08-07T16:20:48.400618" level="INFO">${EMAIl} = brittanyquinn@example.net</msg>
<arg>${EMAIl}</arg>
<arg>${email}</arg>
<doc>Makes a variable available globally in all tests and suites.</doc>
<status status="PASS" start="2025-08-07T16:20:48.400186" elapsed="0.000570"/>
</kw>
<kw name="Set Global Variable" owner="BuiltIn">
<msg time="2025-08-07T16:20:48.401766" level="INFO">${PASS} = rgv2TcZ$t(</msg>
<arg>${PASS}</arg>
<arg>${password}</arg>
<doc>Makes a variable available globally in all tests and suites.</doc>
<status status="PASS" start="2025-08-07T16:20:48.400919" elapsed="0.000967"/>
</kw>
<kw name="Set Global Variable" owner="BuiltIn">
<msg time="2025-08-07T16:20:48.402463" level="INFO">${ADMIN} = True</msg>
<arg>${ADMIN}</arg>
<arg>${admin}</arg>
<doc>Makes a variable available globally in all tests and suites.</doc>
<status status="PASS" start="2025-08-07T16:20:48.402017" elapsed="0.000685"/>
</kw>
<status status="PASS" start="2025-08-07T16:20:48.391902" elapsed="0.011058"/>
</kw>
<test id="s1-t1" name="SignUp successfully" line="15">
<kw name="Start session" owner="base" type="SETUP">
<kw name="New Browser" owner="Browser">
<msg time="2025-08-07T16:20:48.406536" level="INFO">{"browser": "chromium", "headless": false, "chromiumSandbox": false, "devtools": false, "handleSIGHUP": true, "handleSIGINT": true, "handleSIGTERM": true, "slowMo": 0.0, "timeout": 30000.0, "tracesDir": "C:\\Users\\thais.regina.santos\\OneDrive - Accenture\\Documents\\GitHub\\Projeto-ServeRest\\browser\\traces\\temp\\8c46a6f0-6033-4d19-8147-f2aa73e6df73"}</msg>
<msg time="2025-08-07T16:20:48.922916" level="INFO">Starting Browser process C:\Python\Lib\site-packages\Browser\wrapper\index.js using at 127.0.0.1:61518</msg>
<msg time="2025-08-07T16:20:52.894124" level="INFO">Successfully created browser with options: {"browser":"chromium","headless":false,"chromiumSandbox":false,"devtools":false,"handleSIGHUP":true,"handleSIGINT":true,"handleSIGTERM":true,"slowMo":0,"timeout":30000,"tracesDir":"C:\\Users\\thais.regina.santos\\OneDrive - Accenture\\Documents\\GitHub\\Projeto-ServeRest\\browser\\traces\\temp\\8c46a6f0-6033-4d19-8147-f2aa73e6df73"}</msg>
<arg>browser=chromium</arg>
<arg>headless=False</arg>
<tag>BrowserControl</tag>
<tag>Setter</tag>
<doc>Create a new playwright Browser with specified options.</doc>
<status status="PASS" start="2025-08-07T16:20:48.405234" elapsed="4.489322"/>
</kw>
<kw name="New Page" owner="Browser">
<msg time="2025-08-07T16:21:00.822108" level="INFO">Successfully initialized new page object and opened url: https://front.serverest.dev/login</msg>
<msg time="2025-08-07T16:21:00.822449" level="INFO">No context was open. New context was automatically opened when this page is created.</msg>
<arg>https://front.serverest.dev/login</arg>
<arg>wait_until=domcontentloaded</arg>
<tag>BrowserControl</tag>
<tag>Setter</tag>
<doc>Open a new Page.</doc>
<status status="PASS" start="2025-08-07T16:20:52.894966" elapsed="7.927712"/>
</kw>
<status status="PASS" start="2025-08-07T16:20:48.404014" elapsed="12.418855"/>
</kw>
<kw name="Given Access to signUp page" owner="SignIn">
<kw name="Click" owner="Browser">
<msg time="2025-08-07T16:21:00.825689" level="INFO">Clicks the element 'css=a.btn &gt;&gt; text=Cadastre-se'.</msg>
<arg>css=a.btn &gt;&gt; text=Cadastre-se</arg>
<tag>PageContent</tag>
<tag>Setter</tag>
<doc>Simulates mouse click on the element found by ``selector``.</doc>
<status status="PASS" start="2025-08-07T16:21:00.824429" elapsed="0.131621"/>
</kw>
<status status="PASS" start="2025-08-07T16:21:00.823539" elapsed="0.133007"/>
</kw>
<kw name="When Validate access to correct page" owner="SignUp">
<kw name="Get Text" owner="Browser">
<msg time="2025-08-07T16:21:00.991080" level="INFO">Text: 'Cadastro'</msg>
<arg>css=h2.font-robot &gt;&gt; text=Cadastro</arg>
<tag>Assertion</tag>
<tag>Getter</tag>
<tag>PageContent</tag>
<doc>Returns text attribute of the element found by ``selector``.</doc>
<status status="PASS" start="2025-08-07T16:21:00.957975" elapsed="0.033909"/>
</kw>
<status status="PASS" start="2025-08-07T16:21:00.957295" elapsed="0.034776"/>
</kw>
<kw name="And Register" owner="SignUp">
<kw name="Validate access to correct page" owner="SignUp">
<kw name="Get Text" owner="Browser">
<msg time="2025-08-07T16:21:01.015512" level="INFO">Text: 'Cadastro'</msg>
<arg>css=h2.font-robot &gt;&gt; text=Cadastro</arg>
<tag>Assertion</tag>
<tag>Getter</tag>
<tag>PageContent</tag>
<doc>Returns text attribute of the element found by ``selector``.</doc>
<status status="PASS" start="2025-08-07T16:21:00.994425" elapsed="0.021305"/>
</kw>
<status status="PASS" start="2025-08-07T16:21:00.993798" elapsed="0.022062"/>
</kw>
<kw name="Fill Text" owner="Browser">
<msg time="2025-08-07T16:21:01.017192" level="INFO">Fills the text 'Nicole Solis' in the given field.</msg>
<arg>id=nome</arg>
<arg>${name}</arg>
<tag>PageContent</tag>
<tag>Setter</tag>
<doc>Clears and fills the given ``txt`` into the text field found by ``selector``.</doc>
<status status="PASS" start="2025-08-07T16:21:01.016017" elapsed="0.023516"/>
</kw>
<kw name="Fill Text" owner="Browser">
<msg time="2025-08-07T16:21:01.041095" level="INFO">Fills the text 'brittanyquinn@example.net' in the given field.</msg>
<arg>id=email</arg>
<arg>${email}</arg>
<tag>PageContent</tag>
<tag>Setter</tag>
<doc>Clears and fills the given ``txt`` into the text field found by ``selector``.</doc>
<status status="PASS" start="2025-08-07T16:21:01.039964" elapsed="0.021598"/>
</kw>
<kw name="Fill Text" owner="Browser">
<msg time="2025-08-07T16:21:01.063871" level="INFO">Fills the text 'rgv2TcZ$t(' in the given field.</msg>
<arg>id=password</arg>
<arg>${password}</arg>
<tag>PageContent</tag>
<tag>Setter</tag>
<doc>Clears and fills the given ``txt`` into the text field found by ``selector``.</doc>
<status status="PASS" start="2025-08-07T16:21:01.061864" elapsed="0.019294"/>
</kw>
<if>
<branch type="IF" condition="${admin} == True">
<kw name="Click" owner="Browser">
<msg time="2025-08-07T16:21:01.083589" level="INFO">Clicks the element 'css=input#administrador'.</msg>
<arg>css=input#administrador</arg>
<tag>PageContent</tag>
<tag>Setter</tag>
<doc>Simulates mouse click on the element found by ``selector``.</doc>
<status status="PASS" start="2025-08-07T16:21:01.082685" elapsed="0.041295"/>
</kw>
<kw name="Click" owner="Browser">
<msg time="2025-08-07T16:21:01.126623" level="INFO">Clicks the element 'css=button &gt;&gt; text=Cadastrar'.</msg>
<arg>css=button &gt;&gt; text=Cadastrar</arg>
<tag>PageContent</tag>
<tag>Setter</tag>
<doc>Simulates mouse click on the element found by ``selector``.</doc>
<status status="PASS" start="2025-08-07T16:21:01.125005" elapsed="0.053201"/>
</kw>
<status status="PASS" start="2025-08-07T16:21:01.081602" elapsed="0.096845"/>
</branch>
<branch type="ELSE">
<kw name="Click" owner="Browser">
<arg>css=button &gt;&gt; text=Cadastrar</arg>
<tag>PageContent</tag>
<tag>Setter</tag>
<doc>Simulates mouse click on the element found by ``selector``.</doc>
<status status="NOT RUN" start="2025-08-07T16:21:01.179221" elapsed="0.000374"/>
</kw>
<status status="NOT RUN" start="2025-08-07T16:21:01.178597" elapsed="0.001165"/>
</branch>
<status status="PASS" start="2025-08-07T16:21:01.081532" elapsed="0.098331"/>
</if>
<arg>${NAME}</arg>
<arg>${EMAIl}</arg>
<arg>${PASS}</arg>
<arg>True</arg>
<status status="PASS" start="2025-08-07T16:21:00.992815" elapsed="0.187154"/>
</kw>
<kw name="And Save data in json file" owner="Variables">
<kw name="Create File" owner="OperatingSystem">
<msg time="2025-08-07T16:21:01.183533" level="INFO" html="true">Created file '&lt;a href="file://C:\Users\thais.regina.santos\OneDrive - Accenture\Documents\GitHub\Projeto-ServeRest\dados.json"&gt;C:\Users\thais.regina.santos\OneDrive - Accenture\Documents\GitHub\Projeto-ServeRest\dados.json&lt;/a&gt;'.</msg>
<arg>dados.json</arg>
<arg>{"name": "${NAME}", "email": "${EMAIL}", "password": "${PASS}"}</arg>
<doc>Creates a file with the given content and encoding.</doc>
<status status="PASS" start="2025-08-07T16:21:01.181982" elapsed="0.001834"/>
</kw>
<kw name="Log" owner="BuiltIn">
<msg time="2025-08-07T16:21:01.184681" level="INFO">Dados:Nicole Solis,brittanyquinn@example.net,rgv2TcZ$t(</msg>
<arg>Dados:${NAME},${EMAIl},${PASS}</arg>
<doc>Logs the given message with the given level.</doc>
<status status="PASS" start="2025-08-07T16:21:01.184118" elapsed="0.000779"/>
</kw>
<status status="PASS" start="2025-08-07T16:21:01.181192" elapsed="0.003863"/>
</kw>
<kw name="Then Entry with success" owner="Store">
<kw name="Log" owner="BuiltIn">
<msg time="2025-08-07T16:21:01.190146" level="INFO">True</msg>
<arg>${admin}</arg>
<doc>Logs the given message with the given level.</doc>
<status status="PASS" start="2025-08-07T16:21:01.189584" elapsed="0.001309"/>
</kw>
<if>
<branch type="IF" condition="${admin} == True">
<kw name="Get Text" owner="Browser">
<msg time="2025-08-07T16:21:05.625904" level="INFO">Text: 'Bem Vindo Nicole Solis'</msg>
<arg>css=h1</arg>
<arg>equals</arg>
<arg>Bem Vindo ${name}</arg>
<tag>Assertion</tag>
<tag>Getter</tag>
<tag>PageContent</tag>
<doc>Returns text attribute of the element found by ``selector``.</doc>
<status status="PASS" start="2025-08-07T16:21:01.191723" elapsed="4.434720"/>
</kw>
<status status="PASS" start="2025-08-07T16:21:01.191124" elapsed="4.435601"/>
</branch>
<branch type="ELSE">
<kw name="Get Text" owner="Browser">
<arg>css=h1</arg>
<arg>equals</arg>
<arg>Serverest Store</arg>
<tag>Assertion</tag>
<tag>Getter</tag>
<tag>PageContent</tag>
<doc>Returns text attribute of the element found by ``selector``.</doc>
<status status="NOT RUN" start="2025-08-07T16:21:05.628002" elapsed="0.000807"/>
</kw>
<status status="NOT RUN" start="2025-08-07T16:21:05.626926" elapsed="0.002276"/>
</branch>
<status status="PASS" start="2025-08-07T16:21:01.191080" elapsed="4.438439"/>
</if>
<arg>True</arg>
<arg>${NAME}</arg>
<status status="PASS" start="2025-08-07T16:21:01.188622" elapsed="4.441131"/>
</kw>
<kw name="Take Screenshot" owner="Browser" type="TEARDOWN">
<msg time="2025-08-07T16:21:05.787679" level="INFO" html="true">&lt;/td&gt;&lt;/tr&gt;&lt;tr&gt;&lt;td colspan="3"&gt;&lt;a href="browser/screenshot/robotframework-browser-screenshot-1.png" target="_blank"&gt;&lt;img src="browser/screenshot/robotframework-browser-screenshot-1.png" width="800px"/&gt;&lt;/a&gt;</msg>
<tag>PageContent</tag>
<doc>Takes a screenshot of the current window or element and saves it to disk.</doc>
<status status="PASS" start="2025-08-07T16:21:05.631377" elapsed="0.157982"/>
</kw>
<msg time="2025-08-07T16:21:05.808590" level="INFO">Switching context to context=43e417dd-ced6-4c7b-8c70-d71b3b0a8ddb in CURRENT</msg>
<msg time="2025-08-07T16:21:05.820587" level="INFO">Successfully changed active context: context=43e417dd-ced6-4c7b-8c70-d71b3b0a8ddb</msg>
<msg time="2025-08-07T16:21:05.871423" level="INFO">Successfully closed Context</msg>
<status status="PASS" start="2025-08-07T16:20:48.403110" elapsed="17.387090"/>
</test>
<doc>Acoes e elementos da SignUp Page</doc>
<status status="PASS" start="2025-08-07T16:20:47.569197" elapsed="18.326438"/>
</suite>
<statistics>
<total>
<stat pass="1" fail="0" skip="0">All Tests</stat>
</total>
<tag>
</tag>
<suite>
<stat name="Signup" id="s1" pass="1" fail="0" skip="0">Signup</stat>
</suite>
</statistics>
<errors>
<msg time="2025-08-07T16:20:48.351221" level="ERROR">Error in file 'c:\Users\thais.regina.santos\OneDrive - Accenture\Documents\GitHub\Projeto-ServeRest\tests\signin.robot' on line 6: Setting 'Suite Setup' is not allowed in resource file.</msg>
<msg time="2025-08-07T16:20:48.353431" level="ERROR">Error in file 'c:\Users\thais.regina.santos\OneDrive - Accenture\Documents\GitHub\Projeto-ServeRest\tests\signin.robot' on line 8: Setting 'Test Setup' is not allowed in resource file.</msg>
<msg time="2025-08-07T16:20:48.353922" level="ERROR">Error in file 'c:\Users\thais.regina.santos\OneDrive - Accenture\Documents\GitHub\Projeto-ServeRest\tests\signin.robot' on line 9: Setting 'Test Teardown' is not allowed in resource file.</msg>
<msg time="2025-08-07T16:20:48.354728" level="ERROR">Error in file 'c:\Users\thais.regina.santos\OneDrive - Accenture\Documents\GitHub\Projeto-ServeRest\tests\signup.robot' on line 5: Error in file 'c:\Users\thais.regina.santos\OneDrive - Accenture\Documents\GitHub\Projeto-ServeRest\tests\signin.robot' on line 11: Resource file with 'Test Cases' section is invalid.</msg>
</errors>
</robot>
