<?xml version="1.0" encoding="UTF-8"?>
<robot generator="Robot 7.3.2 (Python 3.13.5 on win32)" generated="2025-08-13T17:49:38.196850" rpa="false" schemaversion="5">
<suite id="s1" name="Shoplist" source="d:\codigos\GitHub\Projeto-ServeRest\tests\shoplist.robot">
<test id="s1-t1" name="Clear shop list" line="23">
<kw name="Start session" owner="base" type="SETUP">
<kw name="Set Browser Timeout" owner="Browser">
<msg time="2025-08-13T17:49:38.906627" level="INFO">Starting Browser process C:\Users\thais\anaconda3\envs\projects-robotframework\Lib\site-packages\Browser\wrapper\index.js using at 127.0.0.1:53847</msg>
<msg time="2025-08-13T17:49:39.973110" level="INFO">${old_timeout} = 10 seconds</msg>
<var>${old_timeout}</var>
<arg>2 minutes</arg>
<tag>Config</tag>
<tag>Setter</tag>
<doc>Sets the timeout used by most input and getter keywords.</doc>
<status status="PASS" start="2025-08-13T17:49:38.879841" elapsed="1.093512"/>
</kw>
<kw name="New Browser" owner="Browser">
<msg time="2025-08-13T17:49:39.974766" level="INFO">{"browser": "chromium", "headless": false, "chromiumSandbox": false, "devtools": false, "handleSIGHUP": true, "handleSIGINT": true, "handleSIGTERM": true, "slowMo": 0.0, "timeout": 30000.0, "tracesDir": "D:\\codigos\\GitHub\\projeto-serverest\\browser\\traces\\temp\\df3cec60-ba7c-4333-a004-f0d5751d267d"}</msg>
<msg time="2025-08-13T17:49:40.227716" level="INFO">Successfully created browser with options: {"browser":"chromium","headless":false,"chromiumSandbox":false,"devtools":false,"handleSIGHUP":true,"handleSIGINT":true,"handleSIGTERM":true,"slowMo":0,"timeout":30000,"tracesDir":"D:\\codigos\\GitHub\\projeto-serverest\\browser\\traces\\temp\\df3cec60-ba7c-4333-a004-f0d5751d267d"}</msg>
<arg>browser=chromium</arg>
<arg>headless=False</arg>
<tag>BrowserControl</tag>
<tag>Setter</tag>
<doc>Create a new playwright Browser with specified options.</doc>
<status status="PASS" start="2025-08-13T17:49:39.973663" elapsed="0.254606"/>
</kw>
<kw name="New Page" owner="Browser">
<msg time="2025-08-13T17:49:43.416064" level="INFO">Successfully initialized new page object and opened url: https://front.serverest.dev/login</msg>
<msg time="2025-08-13T17:49:43.416385" level="INFO">No context was open. New context was automatically opened when this page is created.</msg>
<arg>https://front.serverest.dev/login</arg>
<arg>wait_until=networkidle</arg>
<tag>BrowserControl</tag>
<tag>Setter</tag>
<doc>Open a new Page.</doc>
<status status="PASS" start="2025-08-13T17:49:40.228984" elapsed="3.187836"/>
</kw>
<kw name="Set Browser Timeout" owner="Browser">
<arg>${old_timeout}</arg>
<tag>Config</tag>
<tag>Setter</tag>
<doc>Sets the timeout used by most input and getter keywords.</doc>
<status status="PASS" start="2025-08-13T17:49:43.417175" elapsed="0.004031"/>
</kw>
<status status="PASS" start="2025-08-13T17:49:38.878435" elapsed="4.543216"/>
</kw>
<kw name="Given Login in application with success" owner="Store">
<kw name="Read data in json file" owner="Variables">
<kw name="Count Users" owner="saveFile">
<msg time="2025-08-13T17:49:43.424363" level="INFO">${qtdIndex} = 1</msg>
<var>${qtdIndex}</var>
<status status="PASS" start="2025-08-13T17:49:43.423681" elapsed="0.001179"/>
</kw>
<kw name="Log" owner="BuiltIn">
<msg time="2025-08-13T17:49:43.425396" level="INFO">1</msg>
<arg>${qtdIndex}</arg>
<doc>Logs the given message with the given level.</doc>
<status status="PASS" start="2025-08-13T17:49:43.425064" elapsed="0.000457"/>
</kw>
<kw name="Load Json From File" owner="JSONLibrary">
<msg time="2025-08-13T17:49:43.426584" level="INFO">${user} = [{'name': 'Emily Garcia', 'email': 'pricerobin@example.org', 'password': '^07GMfF2($', 'admin': False}]</msg>
<var>${user}</var>
<arg>${file}</arg>
<doc>Load JSON from file.</doc>
<status status="PASS" start="2025-08-13T17:49:43.425682" elapsed="0.001024"/>
</kw>
<kw name="Evaluate" owner="BuiltIn">
<msg time="2025-08-13T17:49:43.427402" level="INFO">${index} = 0</msg>
<var>${index}</var>
<arg>random.randint(0, ${qtdIndex}-1)</arg>
<arg>random</arg>
<doc>Evaluates the given expression in Python and returns the result.</doc>
<status status="PASS" start="2025-08-13T17:49:43.426881" elapsed="0.000626"/>
</kw>
<kw name="Log" owner="BuiltIn">
<msg time="2025-08-13T17:49:43.427981" level="INFO">0</msg>
<arg>${index}</arg>
<doc>Logs the given message with the given level.</doc>
<status status="PASS" start="2025-08-13T17:49:43.427675" elapsed="0.000426"/>
</kw>
<kw name="Get From Dictionary" owner="Collections">
<msg time="2025-08-13T17:49:43.429031" level="INFO">${name_saved} = Emily Garcia</msg>
<var>${name_saved}</var>
<arg>${user[${index}]}</arg>
<arg>name</arg>
<doc>Returns a value from the given ``dictionary`` based on the given ``key``.</doc>
<status status="PASS" start="2025-08-13T17:49:43.428270" elapsed="0.000871"/>
</kw>
<kw name="Get From Dictionary" owner="Collections">
<msg time="2025-08-13T17:49:43.430085" level="INFO">${email_saved} = pricerobin@example.org</msg>
<var>${email_saved}</var>
<arg>${user[${index}]}</arg>
<arg>email</arg>
<doc>Returns a value from the given ``dictionary`` based on the given ``key``.</doc>
<status status="PASS" start="2025-08-13T17:49:43.429314" elapsed="0.000942"/>
</kw>
<kw name="Get From Dictionary" owner="Collections">
<msg time="2025-08-13T17:49:43.431396" level="INFO">${password_saved} = ^07GMfF2($</msg>
<var>${password_saved}</var>
<arg>${user[${index}]}</arg>
<arg>password</arg>
<doc>Returns a value from the given ``dictionary`` based on the given ``key``.</doc>
<status status="PASS" start="2025-08-13T17:49:43.430467" elapsed="0.001041"/>
</kw>
<kw name="Get From Dictionary" owner="Collections">
<msg time="2025-08-13T17:49:43.432397" level="INFO">${admin_saved} = False</msg>
<var>${admin_saved}</var>
<arg>${user[${index}]}</arg>
<arg>admin</arg>
<doc>Returns a value from the given ``dictionary`` based on the given ``key``.</doc>
<status status="PASS" start="2025-08-13T17:49:43.431688" elapsed="0.000821"/>
</kw>
<kw name="Set Global Variable" owner="BuiltIn">
<msg time="2025-08-13T17:49:43.433656" level="INFO">${NAME_SAVE} = Emily Garcia</msg>
<arg>${NAME_SAVE}</arg>
<arg>${name_saved}</arg>
<doc>Makes a variable available globally in all tests and suites.</doc>
<status status="PASS" start="2025-08-13T17:49:43.432693" elapsed="0.001092"/>
</kw>
<kw name="Set Global Variable" owner="BuiltIn">
<msg time="2025-08-13T17:49:43.434870" level="INFO">${EMAIL_SAVE} = pricerobin@example.org</msg>
<arg>${EMAIL_SAVE}</arg>
<arg>${email_saved}</arg>
<doc>Makes a variable available globally in all tests and suites.</doc>
<status status="PASS" start="2025-08-13T17:49:43.433954" elapsed="0.001043"/>
</kw>
<kw name="Set Global Variable" owner="BuiltIn">
<msg time="2025-08-13T17:49:43.436019" level="INFO">${PASS_SAVE} = ^07GMfF2($</msg>
<arg>${PASS_SAVE}</arg>
<arg>${password_saved}</arg>
<doc>Makes a variable available globally in all tests and suites.</doc>
<status status="PASS" start="2025-08-13T17:49:43.435165" elapsed="0.000976"/>
</kw>
<kw name="Set Global Variable" owner="BuiltIn">
<msg time="2025-08-13T17:49:43.437402" level="INFO">${ADMIN_SAVE} = False</msg>
<arg>${ADMIN_SAVE}</arg>
<arg>${admin_saved}</arg>
<doc>Makes a variable available globally in all tests and suites.</doc>
<status status="PASS" start="2025-08-13T17:49:43.436317" elapsed="0.001245"/>
</kw>
<status status="PASS" start="2025-08-13T17:49:43.423163" elapsed="0.014540"/>
</kw>
<kw name="SignIn" owner="SignIn">
<kw name="Get Text" owner="Browser">
<msg time="2025-08-13T17:49:43.496196" level="INFO">Text: 'Login'</msg>
<arg>css=h1.font-robot</arg>
<arg>equal</arg>
<arg>Login</arg>
<tag>Assertion</tag>
<tag>Getter</tag>
<tag>PageContent</tag>
<doc>Returns text attribute of the element found by ``selector``.</doc>
<status status="PASS" start="2025-08-13T17:49:43.438543" elapsed="0.058537"/>
</kw>
<kw name="Fill Text" owner="Browser">
<msg time="2025-08-13T17:49:43.498690" level="INFO">Fills the text 'pricerobin@example.org' in the given field.</msg>
<arg>id=email</arg>
<arg>${email}</arg>
<tag>PageContent</tag>
<tag>Setter</tag>
<doc>Clears and fills the given ``txt`` into the text field found by ``selector``.</doc>
<status status="PASS" start="2025-08-13T17:49:43.497541" elapsed="0.025224"/>
</kw>
<kw name="Fill Text" owner="Browser">
<msg time="2025-08-13T17:49:43.525263" level="INFO">Fills the text '^07GMfF2($' in the given field.</msg>
<arg>id=password</arg>
<arg>${password}</arg>
<tag>PageContent</tag>
<tag>Setter</tag>
<doc>Clears and fills the given ``txt`` into the text field found by ``selector``.</doc>
<status status="PASS" start="2025-08-13T17:49:43.523705" elapsed="0.016662"/>
</kw>
<kw name="Click" owner="Browser">
<msg time="2025-08-13T17:49:43.541533" level="INFO">Clicks the element 'css=button &gt;&gt; text=Entrar'.</msg>
<arg>css=button &gt;&gt; text=Entrar</arg>
<tag>PageContent</tag>
<tag>Setter</tag>
<doc>Simulates mouse click on the element found by ``selector``.</doc>
<status status="PASS" start="2025-08-13T17:49:43.540723" elapsed="0.043272"/>
</kw>
<kw name="Sleep" owner="BuiltIn">
<msg time="2025-08-13T17:49:48.585168" level="INFO">Slept 5 seconds.</msg>
<arg>5</arg>
<doc>Pauses the test executed for the given time.</doc>
<status status="PASS" start="2025-08-13T17:49:43.584377" elapsed="5.001121"/>
</kw>
<arg>${EMAIL_SAVE}</arg>
<arg>${PASS_SAVE}</arg>
<status status="PASS" start="2025-08-13T17:49:43.437927" elapsed="5.147755"/>
</kw>
<kw name="Entry with success" owner="Store">
<if>
<branch type="IF" condition="${admin} == True">
<kw name="Get Text" owner="Browser">
<arg>css=h1</arg>
<arg>equals</arg>
<arg>Bem Vindo ${name}</arg>
<tag>Assertion</tag>
<tag>Getter</tag>
<tag>PageContent</tag>
<doc>Returns text attribute of the element found by ``selector``.</doc>
<status status="NOT RUN" start="2025-08-13T17:49:48.587484" elapsed="0.000323"/>
</kw>
<status status="NOT RUN" start="2025-08-13T17:49:48.586909" elapsed="0.001154"/>
</branch>
<branch type="ELSE">
<kw name="Get Text" owner="Browser">
<msg time="2025-08-13T17:49:48.610008" level="INFO">Text: 'Serverest Store'</msg>
<arg>css=h1</arg>
<arg>equals</arg>
<arg>Serverest Store</arg>
<tag>Assertion</tag>
<tag>Getter</tag>
<tag>PageContent</tag>
<doc>Returns text attribute of the element found by ``selector``.</doc>
<status status="PASS" start="2025-08-13T17:49:48.588781" elapsed="0.022147"/>
</kw>
<status status="PASS" start="2025-08-13T17:49:48.588280" elapsed="0.022880"/>
</branch>
<status status="PASS" start="2025-08-13T17:49:48.586871" elapsed="0.024445"/>
</if>
<arg>${ADMIN_SAVE}</arg>
<arg>${NAME_SAVE}</arg>
<status status="PASS" start="2025-08-13T17:49:48.586029" elapsed="0.025395"/>
</kw>
<status status="PASS" start="2025-08-13T17:49:43.422423" elapsed="5.189138"/>
</kw>
<kw name="When Add item" owner="Store">
<kw name="Get Text" owner="Browser">
<msg time="2025-08-13T17:49:48.627980" level="INFO">Text: 'Processador Intel I5 12400F'</msg>
<arg>css=h5 &gt;&gt; text=${product}</arg>
<tag>Assertion</tag>
<tag>Getter</tag>
<tag>PageContent</tag>
<doc>Returns text attribute of the element found by ``selector``.</doc>
<status status="PASS" start="2025-08-13T17:49:48.612892" elapsed="0.015369"/>
</kw>
<kw name="Click" owner="Browser">
<msg time="2025-08-13T17:49:48.629624" level="INFO">Clicks the element 'css=.card-body:has(:text("Processador Intel I5 12400F")) [data-testid="adicionarNaLista"]'.</msg>
<arg>css=.card-body:has(:text("${product}")) [data-testid="adicionarNaLista"]</arg>
<tag>PageContent</tag>
<tag>Setter</tag>
<doc>Simulates mouse click on the element found by ``selector``.</doc>
<status status="PASS" start="2025-08-13T17:49:48.628545" elapsed="0.045426"/>
</kw>
<kw name="Set Global Variable" owner="BuiltIn">
<msg time="2025-08-13T17:49:48.675025" level="INFO">${PRODUCT} = Processador Intel I5 12400F</msg>
<arg>${PRODUCT}</arg>
<arg>${product}</arg>
<doc>Makes a variable available globally in all tests and suites.</doc>
<status status="PASS" start="2025-08-13T17:49:48.674334" elapsed="0.000875"/>
</kw>
<arg>Processador Intel I5 12400F</arg>
<status status="PASS" start="2025-08-13T17:49:48.612126" elapsed="0.063332"/>
</kw>
<kw name="And Validate add item in shop list" owner="ShopList">
<kw name="Get Text" owner="Browser">
<msg time="2025-08-13T17:49:48.691713" level="INFO">Text: 'Lista de Compras'</msg>
<arg>css=h1 &gt;&gt; text=Lista de Compras</arg>
<tag>Assertion</tag>
<tag>Getter</tag>
<tag>PageContent</tag>
<doc>Returns text attribute of the element found by ``selector``.</doc>
<status status="PASS" start="2025-08-13T17:49:48.677313" elapsed="0.015356"/>
</kw>
<kw name="Get Text" owner="Browser">
<msg time="2025-08-13T17:49:48.706148" level="INFO">Text: 'Produto:Processador Intel I5 12400F'</msg>
<arg>css=[data-testid="shopping-cart-product-name"] &gt;&gt; text=${product}</arg>
<tag>Assertion</tag>
<tag>Getter</tag>
<tag>PageContent</tag>
<doc>Returns text attribute of the element found by ``selector``.</doc>
<status status="PASS" start="2025-08-13T17:49:48.693063" elapsed="0.013412"/>
</kw>
<arg>Processador Intel I5 12400F</arg>
<status status="PASS" start="2025-08-13T17:49:48.676236" elapsed="0.030428"/>
</kw>
<kw name="Then Clear shop list with success" owner="ShopList">
<kw name="Click" owner="Browser">
<msg time="2025-08-13T17:49:48.708908" level="INFO">Clicks the element 'css=[data-testid="limparLista"]'.</msg>
<arg>css=[data-testid="limparLista"]</arg>
<tag>PageContent</tag>
<tag>Setter</tag>
<doc>Simulates mouse click on the element found by ``selector``.</doc>
<status status="PASS" start="2025-08-13T17:49:48.708023" elapsed="0.046368"/>
</kw>
<status status="PASS" start="2025-08-13T17:49:48.707201" elapsed="0.047548"/>
</kw>
<kw name="Take Screenshot" owner="Browser" type="TEARDOWN">
<msg time="2025-08-13T17:49:48.911003" level="INFO" html="true">&lt;/td&gt;&lt;/tr&gt;&lt;tr&gt;&lt;td colspan="3"&gt;&lt;a href="browser/screenshot/robotframework-browser-screenshot-1.png" target="_blank"&gt;&lt;img src="browser/screenshot/robotframework-browser-screenshot-1.png" width="800px"/&gt;&lt;/a&gt;</msg>
<tag>PageContent</tag>
<doc>Takes a screenshot of the current window or element and saves it to disk.</doc>
<status status="PASS" start="2025-08-13T17:49:48.755432" elapsed="0.156702"/>
</kw>
<msg time="2025-08-13T17:49:48.925747" level="INFO">Switching context to context=e0563c29-3127-4e3f-b46d-c68bcaffd902 in CURRENT</msg>
<msg time="2025-08-13T17:49:48.934617" level="INFO">Successfully changed active context: context=e0563c29-3127-4e3f-b46d-c68bcaffd902</msg>
<msg time="2025-08-13T17:49:48.985774" level="INFO">Successfully closed Context</msg>
<status status="PASS" start="2025-08-13T17:49:38.877205" elapsed="10.035387"/>
</test>
<doc>Ações e elementos da pagina de Lista de compras</doc>
<status status="PASS" start="2025-08-13T17:49:38.202181" elapsed="10.785515"/>
</suite>
<statistics>
<total>
<stat pass="1" fail="0" skip="0">All Tests</stat>
</total>
<tag>
</tag>
<suite>
<stat name="Shoplist" id="s1" pass="1" fail="0" skip="0">Shoplist</stat>
</suite>
</statistics>
<errors>
</errors>
</robot>
