<?xml version="1.0" encoding="UTF-8"?>
<robot generator="Robot 7.2.2 (Python 3.13.2 on win32)" generated="2025-08-14T17:29:48.668965" rpa="false" schemaversion="5">
<suite id="s1" name="usersControl" source="c:\Users\thais.regina.santos\OneDrive - Accenture\Documents\GitHub\Projeto-ServeRest\tests\usersControl.robot">
<kw name="Generate fake data" owner="Variables" type="SETUP">
<kw name="Name" owner="FakerLibrary">
<msg time="2025-08-14T17:29:50.172106" level="INFO">${name} = Joshua Melton</msg>
<var>${name}</var>
<doc>:example: 'John Doe'</doc>
<status status="PASS" start="2025-08-14T17:29:50.170752" elapsed="0.004465"/>
</kw>
<kw name="Email" owner="FakerLibrary">
<msg time="2025-08-14T17:29:50.176395" level="INFO">${email} = richardbradley@example.org</msg>
<var>${email}</var>
<status status="PASS" start="2025-08-14T17:29:50.175555" elapsed="0.000989"/>
</kw>
<kw name="Password" owner="FakerLibrary">
<msg time="2025-08-14T17:29:50.177264" level="INFO">${password} = #C0TuxJlE0</msg>
<var>${password}</var>
<doc>Generate a random password of the specified ``length``.</doc>
<status status="PASS" start="2025-08-14T17:29:50.176757" elapsed="0.000661"/>
</kw>
<kw name="Boolean" owner="FakerLibrary">
<msg time="2025-08-14T17:29:50.178062" level="INFO">${admin} = False</msg>
<var>${admin}</var>
<doc>Generate a random boolean value based on ``chance_of_getting_true``.</doc>
<status status="PASS" start="2025-08-14T17:29:50.177606" elapsed="0.000577"/>
</kw>
<kw name="Set Global Variable" owner="BuiltIn">
<msg time="2025-08-14T17:29:50.179311" level="INFO">${NAME} = Joshua Melton</msg>
<arg>${NAME}</arg>
<arg>${name}</arg>
<doc>Makes a variable available globally in all tests and suites.</doc>
<status status="PASS" start="2025-08-14T17:29:50.178810" elapsed="0.000641"/>
</kw>
<kw name="Set Global Variable" owner="BuiltIn">
<msg time="2025-08-14T17:29:50.180331" level="INFO">${EMAIL} = richardbradley@example.org</msg>
<arg>${EMAIL}</arg>
<arg>${email}</arg>
<doc>Makes a variable available globally in all tests and suites.</doc>
<status status="PASS" start="2025-08-14T17:29:50.179689" elapsed="0.000780"/>
</kw>
<kw name="Set Global Variable" owner="BuiltIn">
<msg time="2025-08-14T17:29:50.181902" level="INFO">${PASS} = #C0TuxJlE0</msg>
<arg>${PASS}</arg>
<arg>${password}</arg>
<doc>Makes a variable available globally in all tests and suites.</doc>
<status status="PASS" start="2025-08-14T17:29:50.180710" elapsed="0.001361"/>
</kw>
<kw name="Set Global Variable" owner="BuiltIn">
<msg time="2025-08-14T17:29:50.183033" level="INFO">${ADMIN} = False</msg>
<arg>${ADMIN}</arg>
<arg>${admin}</arg>
<doc>Makes a variable available globally in all tests and suites.</doc>
<status status="PASS" start="2025-08-14T17:29:50.182345" elapsed="0.000894"/>
</kw>
<status status="PASS" start="2025-08-14T17:29:50.169771" elapsed="0.013624"/>
</kw>
<test id="s1-t1" name="Teste admin" line="17">
<kw name="Start session" owner="Base" type="SETUP">
<kw name="Set Browser Timeout" owner="Browser">
<msg time="2025-08-14T17:29:50.684500" level="INFO">Starting Browser process c:\Python\Lib\site-packages\Browser\wrapper\index.js using at 127.0.0.1:64051</msg>
<msg time="2025-08-14T17:29:52.706371" level="INFO">${old_timeout} = 10 seconds</msg>
<var>${old_timeout}</var>
<arg>2 minutes</arg>
<tag>Config</tag>
<tag>Setter</tag>
<doc>Sets the timeout used by most input and getter keywords.</doc>
<status status="PASS" start="2025-08-14T17:29:50.184862" elapsed="2.521681"/>
</kw>
<kw name="New Browser" owner="Browser">
<msg time="2025-08-14T17:29:52.707745" level="INFO">{"browser": "chromium", "headless": false, "args": ["--start-maximized"], "chromiumSandbox": false, "devtools": false, "handleSIGHUP": true, "handleSIGINT": true, "handleSIGTERM": true, "slowMo": 0.0, "timeout": 30000.0, "tracesDir": "C:\\Users\\thais.regina.santos\\OneDrive - Accenture\\Documents\\GitHub\\Projeto-ServeRest\\browser\\traces\\temp\\22f2ed54-e731-47ff-b085-828885ea2618"}</msg>
<msg time="2025-08-14T17:29:54.203112" level="INFO">Successfully created browser with options: {"browser":"chromium","headless":false,"args":["--start-maximized"],"chromiumSandbox":false,"devtools":false,"handleSIGHUP":true,"handleSIGINT":true,"handleSIGTERM":true,"slowMo":0,"timeout":30000,"tracesDir":"C:\\Users\\thais.regina.santos\\OneDrive - Accenture\\Documents\\GitHub\\Projeto-ServeRest\\browser\\traces\\temp\\22f2ed54-e731-47ff-b085-828885ea2618"}</msg>
<arg>browser=chromium</arg>
<arg>headless=False</arg>
<arg>args=["--start-maximized"]</arg>
<tag>BrowserControl</tag>
<tag>Setter</tag>
<doc>Create a new playwright Browser with specified options.</doc>
<status status="PASS" start="2025-08-14T17:29:52.706754" elapsed="1.496788"/>
</kw>
<kw name="New Page" owner="Browser">
<msg time="2025-08-14T17:30:06.370490" level="INFO">Successfully initialized new page object and opened url: https://front.serverest.dev/login</msg>
<msg time="2025-08-14T17:30:06.370904" level="INFO">No context was open. New context was automatically opened when this page is created.</msg>
<arg>https://front.serverest.dev/login</arg>
<arg>wait_until=networkidle</arg>
<tag>BrowserControl</tag>
<tag>Setter</tag>
<doc>Open a new Page.</doc>
<status status="PASS" start="2025-08-14T17:29:54.203874" elapsed="12.167955"/>
</kw>
<kw name="Set Browser Timeout" owner="Browser">
<arg>${old_timeout}</arg>
<tag>Config</tag>
<tag>Setter</tag>
<doc>Sets the timeout used by most input and getter keywords.</doc>
<status status="PASS" start="2025-08-14T17:30:06.372311" elapsed="0.009144"/>
</kw>
<status status="PASS" start="2025-08-14T17:29:50.184236" elapsed="16.197527"/>
</kw>
<kw name="Teste admin" owner="Base">
<kw name="Find Admin User" owner="saveFile">
<msg time="2025-08-14T17:30:06.384986" level="INFO">${ADMIN_USER} = {'name': 'Albert Camacho', 'email': 'zjones@example.net', 'password': '&amp;$N^jGk85P'}</msg>
<var>${ADMIN_USER}</var>
<arg>True</arg>
<status status="PASS" start="2025-08-14T17:30:06.383494" elapsed="0.001749"/>
</kw>
<kw name="Get From Dictionary" owner="Collections">
<msg time="2025-08-14T17:30:06.386302" level="INFO">${admin_name} = Albert Camacho</msg>
<var>${admin_name}</var>
<arg>${ADMIN_USER}</arg>
<arg>name</arg>
<doc>Returns a value from the given ``dictionary`` based on the given ``key``.</doc>
<status status="PASS" start="2025-08-14T17:30:06.385562" elapsed="0.000933"/>
</kw>
<kw name="Get From Dictionary" owner="Collections">
<msg time="2025-08-14T17:30:06.387229" level="INFO">${admin_email} = zjones@example.net</msg>
<var>${admin_email}</var>
<arg>${ADMIN_USER}</arg>
<arg>email</arg>
<doc>Returns a value from the given ``dictionary`` based on the given ``key``.</doc>
<status status="PASS" start="2025-08-14T17:30:06.386762" elapsed="0.000570"/>
</kw>
<kw name="Get From Dictionary" owner="Collections">
<msg time="2025-08-14T17:30:06.388099" level="INFO">${admin_pass} = &amp;$N^jGk85P</msg>
<var>${admin_pass}</var>
<arg>${ADMIN_USER}</arg>
<arg>password</arg>
<doc>Returns a value from the given ``dictionary`` based on the given ``key``.</doc>
<status status="PASS" start="2025-08-14T17:30:06.387587" elapsed="0.000665"/>
</kw>
<kw name="Log" owner="BuiltIn">
<msg time="2025-08-14T17:30:06.389006" level="INFO">Albert Camacho,zjones@example.net,&amp;$N^jGk85P</msg>
<arg>${admin_name},${admin_email},${admin_pass}</arg>
<doc>Logs the given message with the given level.</doc>
<status status="PASS" start="2025-08-14T17:30:06.388498" elapsed="0.000662"/>
</kw>
<status status="PASS" start="2025-08-14T17:30:06.382697" elapsed="0.006615"/>
</kw>
<kw name="Take Screenshot" owner="Browser" type="TEARDOWN">
<msg time="2025-08-14T17:30:06.594256" level="INFO" html="true">&lt;/td&gt;&lt;/tr&gt;&lt;tr&gt;&lt;td colspan="3"&gt;&lt;a href="browser/screenshot/robotframework-browser-screenshot-1.png" target="_blank"&gt;&lt;img src="browser/screenshot/robotframework-browser-screenshot-1.png" width="800px"/&gt;&lt;/a&gt;</msg>
<tag>PageContent</tag>
<doc>Takes a screenshot of the current window or element and saves it to disk.</doc>
<status status="PASS" start="2025-08-14T17:30:06.389871" elapsed="0.205317"/>
</kw>
<msg time="2025-08-14T17:30:06.619538" level="INFO">Switching context to context=a92fce09-7b20-4962-a105-292c5da286ac in CURRENT</msg>
<msg time="2025-08-14T17:30:06.632852" level="INFO">Successfully changed active context: context=a92fce09-7b20-4962-a105-292c5da286ac</msg>
<msg time="2025-08-14T17:30:06.720532" level="INFO">Successfully closed Context</msg>
<status status="PASS" start="2025-08-14T17:29:50.183506" elapsed="16.412907"/>
</test>
<doc>Acoes e elementos da Tela de admin validando todo o controle de usuarios</doc>
<status status="PASS" start="2025-08-14T17:29:48.675438" elapsed="18.052008"/>
</suite>
<statistics>
<total>
<stat pass="1" fail="0" skip="0">All Tests</stat>
</total>
<tag>
</tag>
<suite>
<stat name="usersControl" id="s1" pass="1" fail="0" skip="0">usersControl</stat>
</suite>
</statistics>
<errors>
</errors>
</robot>
