<?xml version="1.0" encoding="UTF-8"?>
<robot generator="Robot 7.2.2 (Python 3.13.2 on win32)" generated="2025-07-31T16:55:59.878963" rpa="false" schemaversion="5">
<suite id="s1" name="Signup" source="c:\Users\thais.regina.santos\OneDrive - Accenture\Documents\GitHub\Projeto-ServeRest\tests\signup.robot">
<test id="s1-t1" name="SignUp successfully" line="12">
<kw name="Start session" owner="base" type="SETUP">
<kw name="New Browser" owner="Browser">
<msg time="2025-07-31T16:56:01.156511" level="INFO">{"browser": "chromium", "headless": false, "chromiumSandbox": false, "devtools": false, "handleSIGHUP": true, "handleSIGINT": true, "handleSIGTERM": true, "slowMo": 0.0, "timeout": 30000.0, "tracesDir": "C:\\Users\\thais.regina.santos\\OneDrive - Accenture\\Documents\\GitHub\\Projeto-ServeRest\\browser\\traces\\temp\\322d020f-f23b-4000-a810-5f303fabc5c4"}</msg>
<msg time="2025-07-31T16:56:03.566147" level="INFO">Starting Browser process C:\Python\Lib\site-packages\Browser\wrapper\index.js using at 127.0.0.1:49780</msg>
<msg time="2025-07-31T16:56:09.280943" level="INFO">Successfully created browser with options: {"browser":"chromium","headless":false,"chromiumSandbox":false,"devtools":false,"handleSIGHUP":true,"handleSIGINT":true,"handleSIGTERM":true,"slowMo":0,"timeout":30000,"tracesDir":"C:\\Users\\thais.regina.santos\\OneDrive - Accenture\\Documents\\GitHub\\Projeto-ServeRest\\browser\\traces\\temp\\322d020f-f23b-4000-a810-5f303fabc5c4"}</msg>
<arg>browser=chromium</arg>
<arg>headless=False</arg>
<tag>BrowserControl</tag>
<tag>Setter</tag>
<doc>Create a new playwright Browser with specified options.</doc>
<status status="PASS" start="2025-07-31T16:56:01.154171" elapsed="8.127316"/>
</kw>
<kw name="New Page" owner="Browser">
<msg time="2025-07-31T16:56:21.507585" level="INFO">Successfully initialized new page object and opened url: https://front.serverest.dev/login</msg>
<msg time="2025-07-31T16:56:21.508117" level="INFO">No context was open. New context was automatically opened when this page is created.</msg>
<arg>https://front.serverest.dev/login</arg>
<arg>wait_until=domcontentloaded</arg>
<tag>BrowserControl</tag>
<tag>Setter</tag>
<doc>Open a new Page.</doc>
<status status="PASS" start="2025-07-31T16:56:09.281992" elapsed="12.226670"/>
</kw>
<status status="PASS" start="2025-07-31T16:56:01.151132" elapsed="20.358002"/>
</kw>
<kw name="Name" owner="FakerLibrary">
<msg time="2025-07-31T16:56:21.521660" level="INFO">${name} = Amy Roberts</msg>
<var>${name}</var>
<doc>:example: 'John Doe'</doc>
<status status="PASS" start="2025-07-31T16:56:21.520171" elapsed="0.002517"/>
</kw>
<kw name="Email" owner="FakerLibrary">
<msg time="2025-07-31T16:56:21.531931" level="INFO">${email} = sdavidson@example.com</msg>
<var>${email}</var>
<status status="PASS" start="2025-07-31T16:56:21.530541" elapsed="0.001664"/>
</kw>
<kw name="Password" owner="FakerLibrary">
<msg time="2025-07-31T16:56:21.556577" level="INFO">${password} = Qs4OsQ8f(g5J</msg>
<var>${password}</var>
<arg>length=12</arg>
<doc>Generate a random password of the specified ``length``.</doc>
<status status="PASS" start="2025-07-31T16:56:21.555244" elapsed="0.001598"/>
</kw>
<kw name="Go to signUp page" owner="SignIn">
<kw name="Click" owner="Browser">
<msg time="2025-07-31T16:56:21.605665" level="INFO">Clicks the element 'css=a.btn &gt;&gt; text=Cadastre-se'.</msg>
<arg>css=a.btn &gt;&gt; text=Cadastre-se</arg>
<tag>PageContent</tag>
<tag>Setter</tag>
<doc>Simulates mouse click on the element found by ``selector``.</doc>
<status status="PASS" start="2025-07-31T16:56:21.600580" elapsed="0.184995"/>
</kw>
<status status="PASS" start="2025-07-31T16:56:21.599512" elapsed="0.186534"/>
</kw>
<kw name="Validate access to correct page" owner="SignUp">
<kw name="Get Text" owner="Browser">
<msg time="2025-07-31T16:56:21.844734" level="INFO">Text: 'Cadastro'</msg>
<arg>css=h2.font-robot &gt;&gt; text=Cadastro</arg>
<tag>Assertion</tag>
<tag>Getter</tag>
<tag>PageContent</tag>
<doc>Returns text attribute of the element found by ``selector``.</doc>
<status status="PASS" start="2025-07-31T16:56:21.790376" elapsed="0.055898"/>
</kw>
<status status="PASS" start="2025-07-31T16:56:21.789272" elapsed="0.057359"/>
</kw>
<kw name="Register" owner="SignUp">
<kw name="Validate access to correct page" owner="SignUp">
<kw name="Get Text" owner="Browser">
<msg time="2025-07-31T16:56:21.884433" level="INFO">Text: 'Cadastro'</msg>
<arg>css=h2.font-robot &gt;&gt; text=Cadastro</arg>
<tag>Assertion</tag>
<tag>Getter</tag>
<tag>PageContent</tag>
<doc>Returns text attribute of the element found by ``selector``.</doc>
<status status="PASS" start="2025-07-31T16:56:21.854534" elapsed="0.030329"/>
</kw>
<status status="PASS" start="2025-07-31T16:56:21.853601" elapsed="0.031630"/>
</kw>
<kw name="Fill Text" owner="Browser">
<msg time="2025-07-31T16:56:21.887246" level="INFO">Fills the text 'Amy Roberts' in the given field.</msg>
<arg>id=nome</arg>
<arg>${name}</arg>
<tag>PageContent</tag>
<tag>Setter</tag>
<doc>Clears and fills the given ``txt`` into the text field found by ``selector``.</doc>
<status status="PASS" start="2025-07-31T16:56:21.885859" elapsed="0.032985"/>
</kw>
<kw name="Fill Text" owner="Browser">
<msg time="2025-07-31T16:56:21.920900" level="INFO">Fills the text 'sdavidson@example.com' in the given field.</msg>
<arg>id=email</arg>
<arg>${email}</arg>
<tag>PageContent</tag>
<tag>Setter</tag>
<doc>Clears and fills the given ``txt`` into the text field found by ``selector``.</doc>
<status status="PASS" start="2025-07-31T16:56:21.919361" elapsed="0.036921"/>
</kw>
<kw name="Fill Text" owner="Browser">
<msg time="2025-07-31T16:56:21.958127" level="INFO">Fills the text 'Qs4OsQ8f(g5J' in the given field.</msg>
<arg>id=password</arg>
<arg>${password}</arg>
<tag>PageContent</tag>
<tag>Setter</tag>
<doc>Clears and fills the given ``txt`` into the text field found by ``selector``.</doc>
<status status="PASS" start="2025-07-31T16:56:21.956811" elapsed="0.026423"/>
</kw>
<kw name="Click" owner="Browser">
<msg time="2025-07-31T16:56:21.985097" level="INFO">Clicks the element 'css=button &gt;&gt; text=Cadastrar'.</msg>
<arg>css=button &gt;&gt; text=Cadastrar</arg>
<tag>PageContent</tag>
<tag>Setter</tag>
<doc>Simulates mouse click on the element found by ``selector``.</doc>
<status status="PASS" start="2025-07-31T16:56:21.983786" elapsed="0.069248"/>
</kw>
<arg>${name}</arg>
<arg>${email}</arg>
<arg>${password}</arg>
<status status="PASS" start="2025-07-31T16:56:21.852259" elapsed="0.201181"/>
</kw>
<kw name="Validate entry with success" owner="Store">
<kw name="Get Text" owner="Browser">
<msg time="2025-07-31T16:56:28.148795" level="INFO">Text: 'Serverest Store'</msg>
<arg>css=h1</arg>
<arg>equals</arg>
<arg>Serverest Store</arg>
<tag>Assertion</tag>
<tag>Getter</tag>
<tag>PageContent</tag>
<doc>Returns text attribute of the element found by ``selector``.</doc>
<status status="PASS" start="2025-07-31T16:56:22.057747" elapsed="6.092350"/>
</kw>
<status status="PASS" start="2025-07-31T16:56:22.056554" elapsed="6.093866"/>
</kw>
<kw name="Take Screenshot" owner="Browser" type="TEARDOWN">
<msg time="2025-07-31T16:56:28.664399" level="INFO" html="true">&lt;/td&gt;&lt;/tr&gt;&lt;tr&gt;&lt;td colspan="3"&gt;&lt;a href="browser/screenshot/robotframework-browser-screenshot-1.png" target="_blank"&gt;&lt;img src="browser/screenshot/robotframework-browser-screenshot-1.png" width="800px"/&gt;&lt;/a&gt;</msg>
<tag>PageContent</tag>
<doc>Takes a screenshot of the current window or element and saves it to disk.</doc>
<status status="PASS" start="2025-07-31T16:56:28.193747" elapsed="0.471242"/>
</kw>
<msg time="2025-07-31T16:56:28.758052" level="INFO">Switching context to context=dc3f6d0a-1e90-43ed-a18d-d53e37cab1b7 in CURRENT</msg>
<msg time="2025-07-31T16:56:28.775544" level="INFO">Successfully changed active context: context=dc3f6d0a-1e90-43ed-a18d-d53e37cab1b7</msg>
<msg time="2025-07-31T16:56:28.850322" level="INFO">Successfully closed Context</msg>
<status status="PASS" start="2025-07-31T16:56:01.149386" elapsed="27.581642"/>
</test>
<doc>Acoes e elementos da SignUp Page</doc>
<status status="PASS" start="2025-07-31T16:55:59.889690" elapsed="28.995431"/>
</suite>
<statistics>
<total>
<stat pass="1" fail="0" skip="0">All Tests</stat>
</total>
<tag>
</tag>
<suite>
<stat name="Signup" id="s1" pass="1" fail="0" skip="0">Signup</stat>
</suite>
</statistics>
<errors>
</errors>
</robot>
